<?xml version="1.0" encoding="utf-8"?><testsuites name="pytest tests"><testsuite name="pytest" errors="0" failures="0" skipped="4" tests="104" time="8.490" timestamp="2026-06-30T06:18:06.631925+00:00" hostname="auto-trade-vps.asia-southeast1-b.c.auto-489108.internal"><testcase classname="tests.svos.test_artifact_store" name="test_artifact_store_is_content_addressed_and_idempotent" time="0.014" /><testcase classname="tests.svos.test_intake_pipeline" name="test_run_manifest_builder_creates_persisted_file" time="0.006" /><testcase classname="tests.svos.test_intake_pipeline" name="test_run_manifest_reproducible_flag" time="0.004" /><testcase classname="tests.svos.test_intake_pipeline" name="test_intake_pass_with_good_spec" time="0.031" /><testcase classname="tests.svos.test_intake_pipeline" name="test_intake_produces_evidence_record" time="0.030" /><testcase classname="tests.svos.test_intake_pipeline" name="test_intake_transitions_draft_to_intake_on_pass" time="0.028" /><testcase classname="tests.svos.test_intake_pipeline" name="test_intake_fail_with_empty_spec" time="0.021" /><testcase classname="tests.svos.test_intake_pipeline" name="test_intake_report_has_markdown_companion" time="0.027" /><testcase classname="tests.svos.test_intake_pipeline" name="test_intake_run_manifest_persisted" time="0.028" /><testcase classname="tests.svos.test_intake_pipeline" name="test_intake_idempotent_on_unchanged_spec" time="0.042" /><testcase classname="tests.svos.test_intake_pipeline" name="test_audit_pass_with_good_spec" time="0.062" /><testcase classname="tests.svos.test_intake_pipeline" name="test_audit_produces_evidence_record" time="0.046" /><testcase classname="tests.svos.test_intake_pipeline" name="test_audit_report_has_markdown_companion" time="0.046" /><testcase classname="tests.svos.test_intake_pipeline" name="test_e2e_intake_then_audit_produces_lifecycle_history" time="0.049" /><testcase classname="tests.svos.test_intake_pipeline" name="test_e2e_full_pipeline_report_artifacts_exist" time="0.044" /><testcase classname="tests.svos.test_platform" name="test_lifecycle_rejects_illegal_transition" time="0.001" /><testcase classname="tests.svos.test_platform" name="test_lifecycle_supports_research_failure_loop_without_execution_promotion" time="0.001" /><testcase classname="tests.svos.test_platform" name="test_registry_bootstraps_and_preserves_append_only_history" time="0.009" /><testcase classname="tests.svos.test_platform" name="test_platform_records_standardized_evidence_and_audited_transition" time="0.022" /><testcase classname="tests.svos.test_platform" name="test_governance_blocks_transition_without_current_version_pass_evidence" time="0.011" /><testcase classname="tests.svos.test_platform" name="test_direct_registry_transition_cannot_bypass_governance" time="0.007" /><testcase classname="tests.svos.test_platform" name="test_evidence_from_previous_strategy_version_does_not_qualify" time="0.018" /><testcase classname="tests.svos.test_platform" name="test_production_approval_transition_is_disabled_during_construction" time="0.010" /><testcase classname="tests.svos.test_platform" name="test_governance_requires_an_audit_reason" time="0.020" /><testcase classname="tests.svos.test_research_pipeline" name="test_replay_pass_with_sufficient_trades" time="0.112" /><testcase classname="tests.svos.test_research_pipeline" name="test_replay_produces_evidence_record" time="0.137" /><testcase classname="tests.svos.test_research_pipeline" name="test_replay_report_has_markdown_companion" time="0.184" /><testcase classname="tests.svos.test_research_pipeline" name="test_replay_fail_with_zero_trades" time="0.195" /><testcase classname="tests.svos.test_research_pipeline" name="test_backtest_pass_with_qualifying_metrics" time="0.095" /><testcase classname="tests.svos.test_research_pipeline" name="test_backtest_fail_below_phase0_gate" time="0.069" /><testcase classname="tests.svos.test_research_pipeline" name="test_backtest_gate_requires_spread_cost" time="0.070" /><testcase classname="tests.svos.test_research_pipeline" name="test_backtest_report_has_markdown_companion" time="0.075" /><testcase classname="tests.svos.test_research_pipeline" name="test_backtest_produces_evidence_record" time="0.076" /><testcase classname="tests.svos.test_research_pipeline" name="test_robustness_produces_all_four_components" time="0.140" /><testcase classname="tests.svos.test_research_pipeline" name="test_robustness_report_artifact_exists" time="0.144" /><testcase classname="tests.svos.test_research_pipeline" name="test_robustness_report_has_markdown_companion" time="0.116" /><testcase classname="tests.svos.test_research_pipeline" name="test_robustness_produces_evidence_record" time="0.121" /><testcase classname="tests.svos.test_research_pipeline" name="test_robustness_fail_with_insufficient_data" time="0.104" /><testcase classname="tests.svos.test_research_pipeline" name="test_adapter_registry_lists_known_adapters" time="0.001" /><testcase classname="tests.svos.test_research_pipeline" name="test_adapter_registry_resolves_known_key" time="0.511" /><testcase classname="tests.svos.test_research_pipeline" name="test_adapter_registry_unknown_key_returns_unavailable" time="0.001" /><testcase classname="tests.svos.test_research_pipeline" name="test_adapter_registry_resolves_via_manifest_adapter_type" time="0.000" /><testcase classname="tests.svos.test_research_pipeline" name="test_adapter_registry_health_returns_all_adapters" time="0.000" /><testcase classname="tests.svos.test_research_pipeline" name="test_module_level_resolve_adapter" time="0.000" /><testcase classname="tests.svos.test_research_pipeline" name="test_full_research_pipeline_accumulates_evidence_for_all_stages" time="0.137" /><testcase classname="tests.svos.test_research_pipeline" name="test_full_pipeline_all_report_artifacts_have_markdown" time="0.115" /><testcase classname="tests.svos.test_virtual_demo_pipeline" name="test_virtual_demo_pass_with_sufficient_signals" time="0.634" /><testcase classname="tests.svos.test_virtual_demo_pipeline" name="test_virtual_demo_report_is_valid_json" time="0.237" /><testcase classname="tests.svos.test_virtual_demo_pipeline" name="test_virtual_demo_report_has_markdown_companion" time="0.253" /><testcase classname="tests.svos.test_virtual_demo_pipeline" name="test_virtual_demo_fail_with_too_few_signals" time="0.136" /><testcase classname="tests.svos.test_virtual_demo_pipeline" name="test_virtual_demo_fail_produces_report_artifact" time="0.133" /><testcase classname="tests.svos.test_virtual_demo_pipeline" name="test_virtual_demo_produces_evidence_record" time="0.273" /><testcase classname="tests.svos.test_virtual_demo_pipeline" name="test_virtual_demo_evidence_has_signal_count" time="0.250" /><testcase classname="tests.svos.test_virtual_demo_pipeline" name="test_virtual_demo_result_to_dict" time="0.244" /><testcase classname="tests.svos.test_virtual_demo_pipeline" name="test_virtual_demo_result_manifest_id_set" time="0.247" /><testcase classname="tests.svos.test_virtual_demo_pipeline" name="test_virtual_demo_summary_contains_virtual_pf" time="0.250" /><testcase classname="tests.svos.test_virtual_demo_pipeline" name="test_full_six_stage_pipeline_produces_all_evidence" time="0.265" /><testcase classname="tests.execution.test_demo_risk_manager.TestCalculateLots" name="test_basic_calculation" time="0.001" /><testcase classname="tests.execution.test_demo_risk_manager.TestCalculateLots" name="test_respects_min_lot" time="0.001" /><testcase classname="tests.execution.test_demo_risk_manager.TestCalculateLots" name="test_respects_max_lot" time="0.000" /><testcase classname="tests.execution.test_demo_risk_manager.TestCalculateLots" name="test_zero_sl_returns_min" time="0.000" /><testcase classname="tests.execution.test_demo_risk_manager.TestCalculateLots" name="test_zero_balance_returns_min" time="0.000" /><testcase classname="tests.execution.test_demo_risk_manager.TestCalculateLots" name="test_result_is_multiple_of_0_01" time="0.000" /><testcase classname="tests.execution.test_demo_risk_manager.TestCheckLimits" name="test_clean_state_approved" time="0.000" /><testcase classname="tests.execution.test_demo_risk_manager.TestCheckLimits" name="test_halted_rejected" time="0.000" /><testcase classname="tests.execution.test_demo_risk_manager.TestCheckLimits" name="test_max_trades_per_day" time="0.000" /><testcase classname="tests.execution.test_demo_risk_manager.TestCheckLimits" name="test_max_open_positions" time="0.000" /><testcase classname="tests.execution.test_demo_risk_manager.TestCheckLimits" name="test_daily_loss_limit" time="0.000" /><testcase classname="tests.execution.test_demo_risk_manager.TestCheckLimits" name="test_consecutive_loss_limit" time="0.000" /><testcase classname="tests.execution.test_demo_risk_manager.TestRecordResult" name="test_increments_trades_today" time="0.000" /><testcase classname="tests.execution.test_demo_risk_manager.TestRecordResult" name="test_resets_consecutive_on_win" time="0.000" /><testcase classname="tests.execution.test_demo_risk_manager.TestRecordResult" name="test_increments_consecutive_on_loss" time="0.000" /><testcase classname="tests.execution.test_demo_risk_manager.TestRecordResult" name="test_accumulates_daily_loss" time="0.000" /><testcase classname="tests.execution.test_demo_risk_manager.TestRecordResult" name="test_halts_on_daily_loss" time="0.000" /><testcase classname="tests.execution.test_demo_risk_manager.TestRecordResult" name="test_halts_on_consecutive_loss" time="0.000" /><testcase classname="tests.execution.test_demo_risk_manager.TestResetDaily" name="test_clears_all_counters" time="0.000" /><testcase classname="tests.execution.test_demo_risk_manager.TestResetDaily" name="test_sets_last_reset" time="0.000" /><testcase classname="tests.execution.test_trade_journal.TestDemoTradeJournal" name="test_log_open_creates_file" time="0.002" /><testcase classname="tests.execution.test_trade_journal.TestDemoTradeJournal" name="test_log_open_fields" time="0.001" /><testcase classname="tests.execution.test_trade_journal.TestDemoTradeJournal" name="test_required_fields_present" time="0.001" /><testcase classname="tests.execution.test_trade_journal.TestDemoTradeJournal" name="test_log_close_fields" time="0.001" /><testcase classname="tests.execution.test_trade_journal.TestDemoTradeJournal" name="test_summary_counts" time="0.001" /><testcase classname="tests.execution.test_trade_journal.TestDemoTradeJournal" name="test_summary_empty" time="0.001" /><testcase classname="tests.execution.test_trade_journal.TestDemoTradeJournal" name="test_read_all_empty_no_file" time="0.001" /><testcase classname="tests.execution.test_trade_manager.TestTradeManager" name="test_open_position_calls_executor" time="0.003" /><testcase classname="tests.execution.test_trade_manager.TestTradeManager" name="test_open_short_maps_to_sell" time="0.002" /><testcase classname="tests.execution.test_trade_manager.TestTradeManager" name="test_open_position_has_opened_at" time="0.002" /><testcase classname="tests.execution.test_trade_manager.TestTradeManager" name="test_close_position_calls_executor" time="0.002" /><testcase classname="tests.execution.test_trade_manager.TestTradeManager" name="test_modify_sl_tp_calls_executor" time="0.002" /><testcase classname="tests.execution.test_trade_manager.TestTradeManager" name="test_get_positions_filters_by_magic" time="0.002" /><testcase classname="tests.execution.test_trade_manager.TestTradeManager" name="test_emergency_close_all_closes_managed_positions" time="0.002" /><testcase classname="tests.database.test_backup_contract" name="test_backup_credentials_are_not_required_in_command_arguments" time="0.001" /><testcase classname="tests.database.test_control_plane_contract" name="test_control_plane_models_include_revision_and_trust_guards" time="0.000" /><testcase classname="tests.database.test_control_plane_contract" name="test_transition_command_is_immutable" time="0.000" /><testcase classname="tests.database.test_control_plane_contract" name="test_control_plane_has_no_yaml_or_jsonl_fallback" time="0.001" /><testcase classname="tests.database.test_legacy_contract" name="test_legacy_import_is_idempotent_and_non_qualifying_by_contract" time="0.000" /><testcase classname="tests.database.test_legacy_contract" name="test_yaml_projection_is_generated_read_only" time="0.000" /><testcase classname="tests.database.test_migrations" name="test_offline_upgrade_contains_baseline_and_control_plane" time="0.930" /><testcase classname="tests.database.test_migrations" name="test_database_url_with_percent_encoding_is_configparser_safe" time="1.050" /><testcase classname="tests.database.test_migrations" name="test_v3_does_not_recreate_v2_tables" time="0.001" /><testcase classname="tests.database.test_postgres_integration" name="test_migrations_and_concurrent_transition_are_atomic" time="0.000"><skipped type="pytest.skip" message="SVOS_TEST_DATABASE_URL is not configured">/home/aungp/session-smc-trading-bot/tests/database/test_postgres_integration.py:51: SVOS_TEST_DATABASE_URL is not configured</skipped></testcase><testcase classname="tests.database.test_postgres_integration" name="test_svos_platform_bootstrap_seeds_postgres" time="0.000"><skipped type="pytest.skip" message="SVOS_TEST_DATABASE_URL is not configured">/home/aungp/session-smc-trading-bot/tests/database/test_postgres_integration.py:120: SVOS_TEST_DATABASE_URL is not configured</skipped></testcase><testcase classname="tests.database.test_postgres_integration" name="test_svos_platform_transition_routes_to_postgres" time="0.000"><skipped type="pytest.skip" message="SVOS_TEST_DATABASE_URL is not configured">/home/aungp/session-smc-trading-bot/tests/database/test_postgres_integration.py:144: SVOS_TEST_DATABASE_URL is not configured</skipped></testcase><testcase classname="tests.database.test_postgres_integration" name="test_svos_platform_evidence_routes_to_postgres" time="0.001"><skipped type="pytest.skip" message="SVOS_TEST_DATABASE_URL is not configured">/home/aungp/session-smc-trading-bot/tests/database/test_postgres_integration.py:173: SVOS_TEST_DATABASE_URL is not configured</skipped></testcase></testsuite></testsuites>