<?xml version="1.0" encoding="utf-8"?><testsuites name="pytest tests"><testsuite name="pytest" errors="0" failures="0" skipped="4" tests="1271" time="40.587" timestamp="2026-06-30T06:17:24.474772+00:00" hostname="auto-trade-vps.asia-southeast1-b.c.auto-489108.internal"><testcase classname="tests.adaptive_engine.test_demo_executor.TestDemoExecutor" name="test_dry_run_true_by_default" time="0.004" /><testcase classname="tests.adaptive_engine.test_demo_executor.TestDemoExecutor" name="test_execute_returns_simulated_status" time="0.006" /><testcase classname="tests.adaptive_engine.test_demo_executor.TestDemoExecutor" name="test_execute_dry_run_flag_in_result" time="0.003" /><testcase classname="tests.adaptive_engine.test_demo_executor.TestDemoExecutor" name="test_execute_result_fields" time="0.002" /><testcase classname="tests.adaptive_engine.test_demo_executor.TestDemoExecutor" name="test_execute_correct_symbol" time="0.002" /><testcase classname="tests.adaptive_engine.test_demo_executor.TestDemoExecutor" name="test_live_mode_raises" time="0.002" /><testcase classname="tests.adaptive_engine.test_london_breakout.TestGenerateSignals" name="test_returns_long_signal_on_valid_breakout" time="0.001" /><testcase classname="tests.adaptive_engine.test_london_breakout.TestGenerateSignals" name="test_returns_short_signal_on_valid_breakout" time="0.001" /><testcase classname="tests.adaptive_engine.test_london_breakout.TestGenerateSignals" name="test_sl_below_asian_low_for_long" time="0.001" /><testcase classname="tests.adaptive_engine.test_london_breakout.TestGenerateSignals" name="test_sl_above_asian_high_for_short" time="0.001" /><testcase classname="tests.adaptive_engine.test_london_breakout.TestGenerateSignals" name="test_tp_at_1_5r_for_long" time="0.002" /><testcase classname="tests.adaptive_engine.test_london_breakout.TestGenerateSignals" name="test_no_signal_when_asian_range_too_small" time="0.001" /><testcase classname="tests.adaptive_engine.test_london_breakout.TestGenerateSignals" name="test_no_signal_when_asian_range_too_large" time="0.001" /><testcase classname="tests.adaptive_engine.test_london_breakout.TestGenerateSignals" name="test_no_signal_with_no_asian_bars" time="0.001" /><testcase classname="tests.adaptive_engine.test_london_breakout.TestGenerateSignals" name="test_signal_metadata_contains_range_pips" time="0.001" /><testcase classname="tests.adaptive_engine.test_london_breakout.TestGenerateSignals" name="test_adaptive_signal_type" time="0.001" /><testcase classname="tests.adaptive_engine.test_news_filter.TestNewsFilter" name="test_stub_always_safe" time="0.001" /><testcase classname="tests.adaptive_engine.test_news_filter.TestNewsFilter" name="test_stub_safe_for_any_symbol" time="0.001" /><testcase classname="tests.adaptive_engine.test_news_filter.TestNewsFilter" name="test_manual_block_unsafe" time="0.001" /><testcase classname="tests.adaptive_engine.test_news_filter.TestNewsFilter" name="test_result_has_required_keys" time="0.001" /><testcase classname="tests.adaptive_engine.test_ny_momentum.TestGenerateSignalsNY" name="test_long_signal_on_sweep_and_retest" time="0.001" /><testcase classname="tests.adaptive_engine.test_ny_momentum.TestGenerateSignalsNY" name="test_short_signal_on_sweep_and_retest" time="0.001" /><testcase classname="tests.adaptive_engine.test_ny_momentum.TestGenerateSignalsNY" name="test_sl_below_london_low_for_long" time="0.001" /><testcase classname="tests.adaptive_engine.test_ny_momentum.TestGenerateSignalsNY" name="test_sl_above_london_high_for_short" time="0.001" /><testcase classname="tests.adaptive_engine.test_ny_momentum.TestGenerateSignalsNY" name="test_tp_at_2r_for_long" time="0.001" /><testcase classname="tests.adaptive_engine.test_ny_momentum.TestGenerateSignalsNY" name="test_metadata_has_london_levels" time="0.001" /><testcase classname="tests.adaptive_engine.test_ny_momentum.TestGenerateSignalsNY" name="test_no_signal_without_london_bars" time="0.001" /><testcase classname="tests.adaptive_engine.test_ny_momentum.TestGenerateSignalsNY" name="test_no_signal_without_ny_bars" time="0.001" /><testcase classname="tests.adaptive_engine.test_ny_momentum.TestGenerateSignalsNY" name="test_no_sweep_no_signal" time="0.001" /><testcase classname="tests.adaptive_engine.test_ny_momentum.TestGenerateSignalsNY" name="test_adaptive_signal_type" time="0.001" /><testcase classname="tests.adaptive_engine.test_paper_execution.TestPaperExecution" name="test_open_trade_returns_id" time="0.001" /><testcase classname="tests.adaptive_engine.test_paper_execution.TestPaperExecution" name="test_open_trade_appears_in_get_open" time="0.001" /><testcase classname="tests.adaptive_engine.test_paper_execution.TestPaperExecution" name="test_update_returns_none_when_not_hit" time="0.001" /><testcase classname="tests.adaptive_engine.test_paper_execution.TestPaperExecution" name="test_tp_hit_closes_trade" time="0.001" /><testcase classname="tests.adaptive_engine.test_paper_execution.TestPaperExecution" name="test_sl_hit_closes_trade" time="0.001" /><testcase classname="tests.adaptive_engine.test_paper_execution.TestPaperExecution" name="test_short_tp_hit" time="0.001" /><testcase classname="tests.adaptive_engine.test_paper_execution.TestPaperExecution" name="test_closed_trade_removed_from_open" time="0.001" /><testcase classname="tests.adaptive_engine.test_paper_execution.TestPaperExecution" name="test_closed_trade_in_get_closed" time="0.001" /><testcase classname="tests.adaptive_engine.test_paper_execution.TestPaperExecution" name="test_close_all_session_end" time="0.001" /><testcase classname="tests.adaptive_engine.test_paper_execution.TestPaperExecution" name="test_pnl_r_approx_1r_at_tp" time="0.001" /><testcase classname="tests.adaptive_engine.test_regime_detector.TestDetectRegime" name="test_returns_unsafe_when_spread_too_high" time="0.001" /><testcase classname="tests.adaptive_engine.test_regime_detector.TestDetectRegime" name="test_returns_unsafe_when_insufficient_bars" time="0.001" /><testcase classname="tests.adaptive_engine.test_regime_detector.TestDetectRegime" name="test_result_has_required_keys" time="0.001" /><testcase classname="tests.adaptive_engine.test_regime_detector.TestDetectRegime" name="test_regime_is_valid_value" time="0.001" /><testcase classname="tests.adaptive_engine.test_regime_detector.TestDetectRegime" name="test_confidence_in_range" time="0.001" /><testcase classname="tests.adaptive_engine.test_regime_detector.TestDetectRegime" name="test_ranging_candles_classify_as_ranging_or_unsafe" time="0.001" /><testcase classname="tests.adaptive_engine.test_regime_detector.TestDetectRegime" name="test_trending_candles_not_ranging" time="0.001" /><testcase classname="tests.adaptive_engine.test_regime_detector.TestDetectRegime" name="test_adx_non_negative" time="0.001" /><testcase classname="tests.adaptive_engine.test_regime_detector.TestComputeATR" name="test_returns_empty_for_insufficient_data" time="0.001" /><testcase classname="tests.adaptive_engine.test_regime_detector.TestComputeATR" name="test_returns_list_for_sufficient_data" time="0.001" /><testcase classname="tests.adaptive_engine.test_regime_detector.TestComputeATR" name="test_atr_values_positive" time="0.001" /><testcase classname="tests.adaptive_engine.test_regime_detector.TestComputeADX" name="test_returns_zeros_for_insufficient_data" time="0.001" /><testcase classname="tests.adaptive_engine.test_regime_detector.TestComputeADX" name="test_returns_non_negative_for_sufficient_data" time="0.001" /><testcase classname="tests.adaptive_engine.test_risk_manager.TestNewState" name="test_initial_state_not_halted" time="0.001" /><testcase classname="tests.adaptive_engine.test_risk_manager.TestNewState" name="test_initial_trades_zero" time="0.001" /><testcase classname="tests.adaptive_engine.test_risk_manager.TestNewState" name="test_initial_loss_zero" time="0.001" /><testcase classname="tests.adaptive_engine.test_risk_manager.TestCheckRisk" name="test_approves_clean_state" time="0.001" /><testcase classname="tests.adaptive_engine.test_risk_manager.TestCheckRisk" name="test_rejects_when_halted" time="0.001" /><testcase classname="tests.adaptive_engine.test_risk_manager.TestCheckRisk" name="test_rejects_when_daily_loss_exceeded" time="0.001" /><testcase classname="tests.adaptive_engine.test_risk_manager.TestCheckRisk" name="test_rejects_when_trade_count_exceeded" time="0.001" /><testcase classname="tests.adaptive_engine.test_risk_manager.TestCheckRisk" name="test_rejects_when_consecutive_losses_exceeded" time="0.001" /><testcase classname="tests.adaptive_engine.test_risk_manager.TestCheckRisk" name="test_rejects_correlated_long_long" time="0.001" /><testcase classname="tests.adaptive_engine.test_risk_manager.TestCheckRisk" name="test_allows_long_short_different_pair" time="0.001" /><testcase classname="tests.adaptive_engine.test_risk_manager.TestCheckRisk" name="test_allows_same_direction_uncorrelated_pair" time="0.001" /><testcase classname="tests.adaptive_engine.test_risk_manager.TestCheckRisk" name="test_rejection_reason_names_failures" time="0.001" /><testcase classname="tests.adaptive_engine.test_risk_manager.TestRecordTrade" name="test_increments_trade_count" time="0.001" /><testcase classname="tests.adaptive_engine.test_risk_manager.TestRecordTrade" name="test_resets_consecutive_on_win" time="0.001" /><testcase classname="tests.adaptive_engine.test_risk_manager.TestRecordTrade" name="test_increments_consecutive_on_loss" time="0.001" /><testcase classname="tests.adaptive_engine.test_risk_manager.TestRecordTrade" name="test_accumulates_daily_loss" time="0.001" /><testcase classname="tests.adaptive_engine.test_risk_manager.TestRecordTrade" name="test_halts_on_daily_loss_limit" time="0.001" /><testcase classname="tests.adaptive_engine.test_risk_manager.TestRecordTrade" name="test_halts_on_consecutive_loss_limit" time="0.001" /><testcase classname="tests.adaptive_engine.test_risk_manager.TestRecordTrade" name="test_removes_closed_position" time="0.001" /><testcase classname="tests.adaptive_engine.test_risk_manager.TestResetDaily" name="test_clears_daily_counters" time="0.001" /><testcase classname="tests.adaptive_engine.test_signal_scorer.TestScoreSignal" name="test_max_score_all_criteria_met" time="0.001" /><testcase classname="tests.adaptive_engine.test_signal_scorer.TestScoreSignal" name="test_approved_when_score_gte_min" time="0.001" /><testcase classname="tests.adaptive_engine.test_signal_scorer.TestScoreSignal" name="test_rejected_when_score_below_min" time="0.001" /><testcase classname="tests.adaptive_engine.test_signal_scorer.TestScoreSignal" name="test_breakdown_keys_present" time="0.001" /><testcase classname="tests.adaptive_engine.test_signal_scorer.TestScoreSignal" name="test_bearish_bias_short_signal_aligned" time="0.001" /><testcase classname="tests.adaptive_engine.test_signal_scorer.TestScoreSignal" name="test_neutral_bias_not_aligned" time="0.001" /><testcase classname="tests.adaptive_engine.test_signal_scorer.TestScoreSignal" name="test_spread_too_wide_penalised" time="0.001" /><testcase classname="tests.adaptive_engine.test_signal_scorer.TestScoreSignal" name="test_news_event_penalised" time="0.001" /><testcase classname="tests.adaptive_engine.test_signal_scorer.TestScoreSignal" name="test_score_non_negative" time="0.001" /><testcase classname="tests.adaptive_engine.test_signal_scorer.TestScoreSignal" name="test_no_liquidity_loses_2_points" time="0.001" /><testcase classname="tests.adaptive_engine.test_state_store.TestStateStore" name="test_creates_default_state_when_file_absent" time="0.005" /><testcase classname="tests.adaptive_engine.test_state_store.TestStateStore" name="test_save_and_reload" time="0.002" /><testcase classname="tests.adaptive_engine.test_state_store.TestStateStore" name="test_update_auto_saves" time="0.002" /><testcase classname="tests.adaptive_engine.test_state_store.TestStateStore" name="test_reset_daily_clears_counters" time="0.002" /><testcase classname="tests.adaptive_engine.test_state_store.TestStateStore" name="test_needs_daily_reset_true_when_no_last_reset" time="0.002" /><testcase classname="tests.adaptive_engine.test_state_store.TestStateStore" name="test_needs_daily_reset_false_after_reset_today" time="0.002" /><testcase classname="tests.adaptive_engine.test_state_store.TestStateStore" name="test_load_handles_corrupt_file" time="0.003" /><testcase classname="tests.adaptive_engine.test_trade_journal.TestTradeJournal" name="test_log_signal_creates_file" time="0.002" /><testcase classname="tests.adaptive_engine.test_trade_journal.TestTradeJournal" name="test_log_signal_record_type" time="0.002" /><testcase classname="tests.adaptive_engine.test_trade_journal.TestTradeJournal" name="test_log_signal_fields" time="0.002" /><testcase classname="tests.adaptive_engine.test_trade_journal.TestTradeJournal" name="test_log_trade_fields" time="0.002" /><testcase classname="tests.adaptive_engine.test_trade_journal.TestTradeJournal" name="test_multiple_records_appended" time="0.002" /><testcase classname="tests.adaptive_engine.test_trade_journal.TestTradeJournal" name="test_read_all_empty_when_no_file" time="0.002" /><testcase classname="tests.adaptive_engine.test_trade_journal.TestTradeJournal" name="test_read_all_skips_corrupt_lines" time="0.002" /><testcase classname="tests.adaptive_engine.test_trade_journal.TestTradeJournal" name="test_required_trade_keys_present" time="0.002" /><testcase classname="tests.architecture.test_lifecycle_authority" name="test_no_legacy_catalog_mutation_callers" time="3.080" /><testcase classname="tests.architecture.test_lifecycle_authority" name="test_lifecycle_code_does_not_write_catalog_projection" time="1.147" /><testcase classname="tests.architecture.test_lifecycle_authority" name="test_catalog_has_no_active_or_approved_strategy" time="0.025" /><testcase classname="tests.core.test_portfolio_manager.TestPortfolioManager" name="test_approve_valid_signal" time="0.002" /><testcase classname="tests.core.test_portfolio_manager.TestPortfolioManager" name="test_reject_disabled_strategy" time="0.001" /><testcase classname="tests.core.test_portfolio_manager.TestPortfolioManager" name="test_reject_below_strategy_min_confidence" time="0.001" /><testcase classname="tests.core.test_portfolio_manager.TestPortfolioManager" name="test_reject_below_global_min_confidence" time="0.001" /><testcase classname="tests.core.test_portfolio_manager.TestPortfolioManager" name="test_reject_already_open_symbol" time="0.001" /><testcase classname="tests.core.test_portfolio_manager.TestPortfolioManager" name="test_correlation_filter_same_direction_keeps_highest" time="0.001" /><testcase classname="tests.core.test_portfolio_manager.TestPortfolioManager" name="test_correlation_filter_opposite_directions_both_pass" time="0.001" /><testcase classname="tests.core.test_portfolio_manager.TestPortfolioManager" name="test_max_daily_trades_cap" time="0.001" /><testcase classname="tests.core.test_portfolio_manager.TestPortfolioManager" name="test_max_open_positions_cap" time="0.002" /><testcase classname="tests.core.test_portfolio_manager.TestPortfolioManager" name="test_sorted_by_confidence_desc" time="0.001" /><testcase classname="tests.core.test_portfolio_manager.TestPortfolioManager" name="test_record_trade_updates_state" time="0.001" /><testcase classname="tests.core.test_portfolio_manager.TestPortfolioManager" name="test_record_close_removes_symbol" time="0.001" /><testcase classname="tests.core.test_portfolio_manager.TestPortfolioManager" name="test_daily_loss_limit" time="0.001" /><testcase classname="tests.core.test_portfolio_manager.TestPortfolioManager" name="test_stats_output" time="0.001" /><testcase classname="tests.core.test_registry.TestRegistry" name="test_register_and_get" time="0.001" /><testcase classname="tests.core.test_registry.TestRegistry" name="test_get_unknown_returns_none" time="0.001" /><testcase classname="tests.core.test_registry.TestRegistry" name="test_list_empty" time="0.001" /><testcase classname="tests.core.test_registry.TestRegistry" name="test_list_sorted" time="0.001" /><testcase classname="tests.core.test_registry.TestRegistry" name="test_overwrite_registration" time="0.001" /><testcase classname="tests.core.test_registry.TestRegistry" name="test_base_strategy_is_abstract" time="0.001" /><testcase classname="tests.core.test_registry.TestStrategyCatalog" name="test_catalog_loads_default_entries" time="0.053" /><testcase classname="tests.core.test_registry.TestStrategyCatalog" name="test_get_manifest" time="0.012" /><testcase classname="tests.core.test_registry.TestStrategyCatalog" name="test_list_catalog_strategies_sorted" time="0.025" /><testcase classname="tests.core.test_registry.TestStrategyCatalog" name="test_lifecycle_status_normalized" time="0.004" /><testcase classname="tests.core.test_registry.TestStrategyCatalog" name="test_approval_and_deploy_gate" time="0.008" /><testcase classname="tests.core.test_registry.TestStrategyCatalog" name="test_catalog_can_be_loaded_from_custom_path" time="0.009" /><testcase classname="tests.core.test_registry.TestStrategyCatalog" name="test_set_current_strategy_fails_closed" time="0.005" /><testcase classname="tests.core.test_signal.TestSignalCreation" name="test_required_fields_set" time="0.001" /><testcase classname="tests.core.test_signal.TestSignalCreation" name="test_defaults" time="0.001" /><testcase classname="tests.core.test_signal.TestSignalCreation" name="test_compatibility_pair" time="0.001" /><testcase classname="tests.core.test_signal.TestSignalCreation" name="test_compatibility_side_buy" time="0.001" /><testcase classname="tests.core.test_signal.TestSignalCreation" name="test_compatibility_side_sell" time="0.001" /><testcase classname="tests.core.test_signal.TestSignalCreation" name="test_compatibility_entry" time="0.001" /><testcase classname="tests.core.test_signal.TestSignalCreation" name="test_compatibility_session_from_metadata" time="0.001" /><testcase classname="tests.core.test_signal.TestSignalCreation" name="test_session_empty_when_not_in_metadata" time="0.001" /><testcase classname="tests.core.test_signal.TestSignalCreation" name="test_to_dict_contains_all_fields" time="0.001" /><testcase classname="tests.core.test_signal.TestSignalCreation" name="test_close_action" time="0.001" /><testcase classname="tests.core.test_smc_ob_fvg_session_adapter.TestSMCOrderBlockFVGSessionAdapter" name="test_generates_long_signal_on_retrace" time="0.084" /><testcase classname="tests.core.test_smc_ob_fvg_session_adapter.TestSMCOrderBlockFVGSessionAdapter" name="test_rejects_outside_kill_zone" time="0.005" /><testcase classname="tests.core.test_smc_ob_fvg_session_adapter.TestSMCOrderBlockFVGSessionAdapter" name="test_rejects_when_spread_is_too_wide" time="0.001" /><testcase classname="tests.core.test_st_a2_adapter.TestST2Adapter" name="test_name" time="0.001" /><testcase classname="tests.core.test_st_a2_adapter.TestST2Adapter" name="test_returns_none_when_insufficient_bars" time="0.001" /><testcase classname="tests.core.test_st_a2_adapter.TestST2Adapter" name="test_returns_signal_on_valid_data" time="0.005" /><testcase classname="tests.core.test_st_a2_adapter.TestST2Adapter" name="test_none_when_strategy_import_unavailable" time="0.002" /><testcase classname="tests.core.test_st_a2_adapter.TestST2Adapter" name="test_signal_sell_mapping" time="0.002" /><testcase classname="tests.core.test_st_a2_adapter.TestST2Adapter" name="test_compatibility_properties" time="0.001" /><testcase classname="tests.core.test_trade_journal_db.TestRecordSignal" name="test_returns_positive_id" time="0.030" /><testcase classname="tests.core.test_trade_journal_db.TestRecordSignal" name="test_record_stored_in_db" time="0.028" /><testcase classname="tests.core.test_trade_journal_db.TestRecordSignal" name="test_sell_direction_mapped" time="0.029" /><testcase classname="tests.core.test_trade_journal_db.TestRecordSignal" name="test_pipeline_results_stored" time="0.041" /><testcase classname="tests.core.test_trade_journal_db.TestRecordSignal" name="test_open_status_on_open_result" time="0.029" /><testcase classname="tests.core.test_trade_journal_db.TestRecordSignal" name="test_shadow_status_on_shadow_result" time="0.028" /><testcase classname="tests.core.test_trade_journal_db.TestRecordSignal" name="test_broker_order_id_stored" time="0.031" /><testcase classname="tests.core.test_trade_journal_db.TestRecordSignal" name="test_position_size_stored" time="0.029" /><testcase classname="tests.core.test_trade_journal_db.TestUpdateClose" name="test_close_updates_status" time="0.030" /><testcase classname="tests.core.test_trade_journal_db.TestUpdateClose" name="test_reason_for_exit_stored" time="0.037" /><testcase classname="tests.core.test_trade_journal_db.TestUpdateClose" name="test_entry_price_update_on_close" time="0.035" /><testcase classname="tests.core.test_trade_journal_db.TestQueries" name="test_get_open_trades" time="0.037" /><testcase classname="tests.core.test_trade_journal_db.TestQueries" name="test_get_all_trades" time="0.031" /><testcase classname="tests.core.test_trade_journal_db.TestQueries" name="test_get_trades_by_symbol" time="0.084" /><testcase classname="tests.core.test_trade_journal_db.TestQueries" name="test_get_trade_none_for_unknown_id" time="0.019" /><testcase classname="tests.core.test_trade_journal_db.TestSummary" name="test_empty_summary" time="0.022" /><testcase classname="tests.core.test_trade_journal_db.TestSummary" name="test_win_loss_counts" time="0.043" /><testcase classname="tests.core.test_trade_journal_db.TestSummary" name="test_avg_r_calculation" time="0.037" /><testcase classname="tests.core.test_trade_journal_db.TestSummary" name="test_profit_factor_wins_over_losses" time="0.035" /><testcase classname="tests.core.test_trade_journal_db.TestSummary" name="test_win_rate_pct" time="0.169" /><testcase classname="tests.core.test_trade_journal_db.TestSummary" name="test_blocked_counted_separately" time="0.035" /><testcase classname="tests.core.test_trade_journal_db.TestXAUUSD" name="test_xauusd_signal_stored" time="0.031" /><testcase classname="tests.database.test_backup_contract" name="test_backup_credentials_are_not_required_in_command_arguments" time="0.002" /><testcase classname="tests.database.test_control_plane_contract" name="test_control_plane_models_include_revision_and_trust_guards" time="0.001" /><testcase classname="tests.database.test_control_plane_contract" name="test_transition_command_is_immutable" time="0.001" /><testcase classname="tests.database.test_control_plane_contract" name="test_control_plane_has_no_yaml_or_jsonl_fallback" time="0.001" /><testcase classname="tests.database.test_legacy_contract" name="test_legacy_import_is_idempotent_and_non_qualifying_by_contract" time="0.001" /><testcase classname="tests.database.test_legacy_contract" name="test_yaml_projection_is_generated_read_only" time="0.001" /><testcase classname="tests.database.test_migrations" name="test_offline_upgrade_contains_baseline_and_control_plane" time="0.926" /><testcase classname="tests.database.test_migrations" name="test_database_url_with_percent_encoding_is_configparser_safe" time="0.890" /><testcase classname="tests.database.test_migrations" name="test_v3_does_not_recreate_v2_tables" time="0.002" /><testcase classname="tests.database.test_postgres_integration" name="test_migrations_and_concurrent_transition_are_atomic" time="0.001"><skipped type="pytest.skip" message="SVOS_TEST_DATABASE_URL is not configured">/home/aungp/session-smc-trading-bot/tests/database/test_postgres_integration.py:51: SVOS_TEST_DATABASE_URL is not configured</skipped></testcase><testcase classname="tests.database.test_postgres_integration" name="test_svos_platform_bootstrap_seeds_postgres" time="0.000"><skipped type="pytest.skip" message="SVOS_TEST_DATABASE_URL is not configured">/home/aungp/session-smc-trading-bot/tests/database/test_postgres_integration.py:120: SVOS_TEST_DATABASE_URL is not configured</skipped></testcase><testcase classname="tests.database.test_postgres_integration" name="test_svos_platform_transition_routes_to_postgres" time="0.000"><skipped type="pytest.skip" message="SVOS_TEST_DATABASE_URL is not configured">/home/aungp/session-smc-trading-bot/tests/database/test_postgres_integration.py:144: SVOS_TEST_DATABASE_URL is not configured</skipped></testcase><testcase classname="tests.database.test_postgres_integration" name="test_svos_platform_evidence_routes_to_postgres" time="0.012"><skipped type="pytest.skip" message="SVOS_TEST_DATABASE_URL is not configured">/home/aungp/session-smc-trading-bot/tests/database/test_postgres_integration.py:173: SVOS_TEST_DATABASE_URL is not configured</skipped></testcase><testcase classname="tests.execution.test_demo_risk_manager.TestCalculateLots" name="test_basic_calculation" time="0.003" /><testcase classname="tests.execution.test_demo_risk_manager.TestCalculateLots" name="test_respects_min_lot" time="0.002" /><testcase classname="tests.execution.test_demo_risk_manager.TestCalculateLots" name="test_respects_max_lot" time="0.001" /><testcase classname="tests.execution.test_demo_risk_manager.TestCalculateLots" name="test_zero_sl_returns_min" time="0.001" /><testcase classname="tests.execution.test_demo_risk_manager.TestCalculateLots" name="test_zero_balance_returns_min" time="0.001" /><testcase classname="tests.execution.test_demo_risk_manager.TestCalculateLots" name="test_result_is_multiple_of_0_01" time="0.001" /><testcase classname="tests.execution.test_demo_risk_manager.TestCheckLimits" name="test_clean_state_approved" time="0.001" /><testcase classname="tests.execution.test_demo_risk_manager.TestCheckLimits" name="test_halted_rejected" time="0.001" /><testcase classname="tests.execution.test_demo_risk_manager.TestCheckLimits" name="test_max_trades_per_day" time="0.001" /><testcase classname="tests.execution.test_demo_risk_manager.TestCheckLimits" name="test_max_open_positions" time="0.001" /><testcase classname="tests.execution.test_demo_risk_manager.TestCheckLimits" name="test_daily_loss_limit" time="0.002" /><testcase classname="tests.execution.test_demo_risk_manager.TestCheckLimits" name="test_consecutive_loss_limit" time="0.001" /><testcase classname="tests.execution.test_demo_risk_manager.TestRecordResult" name="test_increments_trades_today" time="0.001" /><testcase classname="tests.execution.test_demo_risk_manager.TestRecordResult" name="test_resets_consecutive_on_win" time="0.001" /><testcase classname="tests.execution.test_demo_risk_manager.TestRecordResult" name="test_increments_consecutive_on_loss" time="0.002" /><testcase classname="tests.execution.test_demo_risk_manager.TestRecordResult" name="test_accumulates_daily_loss" time="0.002" /><testcase classname="tests.execution.test_demo_risk_manager.TestRecordResult" name="test_halts_on_daily_loss" time="0.001" /><testcase classname="tests.execution.test_demo_risk_manager.TestRecordResult" name="test_halts_on_consecutive_loss" time="0.001" /><testcase classname="tests.execution.test_demo_risk_manager.TestResetDaily" name="test_clears_all_counters" time="0.001" /><testcase classname="tests.execution.test_demo_risk_manager.TestResetDaily" name="test_sets_last_reset" time="0.001" /><testcase classname="tests.execution.test_trade_journal.TestDemoTradeJournal" name="test_log_open_creates_file" time="0.002" /><testcase classname="tests.execution.test_trade_journal.TestDemoTradeJournal" name="test_log_open_fields" time="0.002" /><testcase classname="tests.execution.test_trade_journal.TestDemoTradeJournal" name="test_required_fields_present" time="0.002" /><testcase classname="tests.execution.test_trade_journal.TestDemoTradeJournal" name="test_log_close_fields" time="0.002" /><testcase classname="tests.execution.test_trade_journal.TestDemoTradeJournal" name="test_summary_counts" time="0.002" /><testcase classname="tests.execution.test_trade_journal.TestDemoTradeJournal" name="test_summary_empty" time="0.002" /><testcase classname="tests.execution.test_trade_journal.TestDemoTradeJournal" name="test_read_all_empty_no_file" time="0.002" /><testcase classname="tests.execution.test_trade_manager.TestTradeManager" name="test_open_position_calls_executor" time="0.013" /><testcase classname="tests.execution.test_trade_manager.TestTradeManager" name="test_open_short_maps_to_sell" time="0.005" /><testcase classname="tests.execution.test_trade_manager.TestTradeManager" name="test_open_position_has_opened_at" time="0.004" /><testcase classname="tests.execution.test_trade_manager.TestTradeManager" name="test_close_position_calls_executor" time="0.004" /><testcase classname="tests.execution.test_trade_manager.TestTradeManager" name="test_modify_sl_tp_calls_executor" time="0.004" /><testcase classname="tests.execution.test_trade_manager.TestTradeManager" name="test_get_positions_filters_by_magic" time="0.004" /><testcase classname="tests.execution.test_trade_manager.TestTradeManager" name="test_emergency_close_all_closes_managed_positions" time="0.004" /><testcase classname="tests.portfolio.test_correlation.TestCorrelationBlock" name="test_same_group_same_direction_blocked" time="0.002" /><testcase classname="tests.portfolio.test_correlation.TestCorrelationBlock" name="test_same_group_opposite_direction_allowed" time="0.001" /><testcase classname="tests.portfolio.test_correlation.TestCorrelationBlock" name="test_different_group_allowed" time="0.001" /><testcase classname="tests.portfolio.test_correlation.TestCorrelationBlock" name="test_no_open_positions_allowed" time="0.001" /><testcase classname="tests.portfolio.test_correlation.TestCorrelationBlock" name="test_gbp_group_blocked" time="0.001" /><testcase classname="tests.portfolio.test_correlation.TestCorrelationBlock" name="test_jpy_group_blocked" time="0.001" /><testcase classname="tests.portfolio.test_correlation.TestCorrelationBlock" name="test_filter_signals_removes_correlated" time="0.001" /><testcase classname="tests.portfolio.test_correlation.TestCorrelationBlock" name="test_filter_signals_opposite_both_pass" time="0.001" /><testcase classname="tests.portfolio.test_correlation.TestCorrelationBlock" name="test_get_groups" time="0.001" /><testcase classname="tests.portfolio.test_correlation.TestCorrelationBlock" name="test_unknown_symbol_not_blocked" time="0.001" /><testcase classname="tests.portfolio.test_limits.TestDailyTradeLimit" name="test_blocks_when_limit_reached" time="0.001" /><testcase classname="tests.portfolio.test_limits.TestDailyTradeLimit" name="test_allows_below_limit" time="0.001" /><testcase classname="tests.portfolio.test_limits.TestDailyLossLimit" name="test_is_daily_loss_hit_true" time="0.001" /><testcase classname="tests.portfolio.test_limits.TestDailyLossLimit" name="test_is_daily_loss_hit_false" time="0.001" /><testcase classname="tests.portfolio.test_limits.TestDailyLossLimit" name="test_weekly_loss_hit" time="0.001" /><testcase classname="tests.portfolio.test_limits.TestDailyLossLimit" name="test_monthly_loss_hit" time="0.001" /><testcase classname="tests.portfolio.test_limits.TestDailyLossLimit" name="test_any_loss_limit" time="0.001" /><testcase classname="tests.portfolio.test_limits.TestDailyLossLimit" name="test_record_close_accumulates_all_periods" time="0.001" /><testcase classname="tests.portfolio.test_limits.TestRiskTiers" name="test_tier1_strategy" time="0.001" /><testcase classname="tests.portfolio.test_limits.TestRiskTiers" name="test_tier2_strategy" time="0.001" /><testcase classname="tests.portfolio.test_limits.TestRiskTiers" name="test_vwap_mean_reversion_tier3" time="0.001" /><testcase classname="tests.portfolio.test_limits.TestRiskTiers" name="test_tier3_unknown" time="0.001" /><testcase classname="tests.portfolio.test_limits.TestCircuitBreaker" name="test_blocks_after_signal_rate_limit" time="0.001" /><testcase classname="tests.portfolio.test_limits.TestCircuitBreaker" name="test_allows_before_limit" time="0.001" /><testcase classname="tests.portfolio.test_limits.TestCircuitBreaker" name="test_blocks_after_daily_trade_limit" time="0.001" /><testcase classname="tests.portfolio.test_limits.TestCircuitBreaker" name="test_cooldown_after_max_losses" time="0.001" /><testcase classname="tests.portfolio.test_limits.TestCircuitBreaker" name="test_win_resets_consecutive_losses" time="0.001" /><testcase classname="tests.portfolio.test_limits.TestCircuitBreaker" name="test_reset_clears_state" time="0.001" /><testcase classname="tests.portfolio.test_portfolio_runner.TestTickNoSignals" name="test_no_signal_returns_clean_state" time="0.037" /><testcase classname="tests.portfolio.test_portfolio_runner.TestTickNoSignals" name="test_fetch_fails_counter_reset_on_success" time="0.007" /><testcase classname="tests.portfolio.test_portfolio_runner.TestTickShadowMode" name="test_demo_config_strategy_goes_shadow_in_shadow_mode" time="0.006" /><testcase classname="tests.portfolio.test_portfolio_runner.TestTickShadowMode" name="test_shadow_journal_records_shadow_execution" time="0.006" /><testcase classname="tests.portfolio.test_portfolio_runner.TestTickDemoMode" name="test_demo_strategy_places_order" time="0.005" /><testcase classname="tests.portfolio.test_portfolio_runner.TestTickDemoMode" name="test_shadow_strategy_skips_order_in_demo_mode" time="0.007" /><testcase classname="tests.portfolio.test_portfolio_runner.TestCircuitBreakerBlock" name="test_cb_blocked_signal_recorded" time="0.005" /><testcase classname="tests.portfolio.test_portfolio_runner.TestPortfolioManagerBlock" name="test_pm_blocked_recorded" time="0.006" /><testcase classname="tests.portfolio.test_portfolio_runner.TestPortfolioLossLimit" name="test_loss_limit_skips_tick" time="0.004" /><testcase classname="tests.portfolio.test_portfolio_runner.TestMultiStrategySignals" name="test_two_uncorrelated_signals_both_recorded" time="0.009" /><testcase classname="tests.portfolio.test_portfolio_runner.TestAutoReconnect" name="test_reconnect_triggered_after_max_failures" time="0.004" /><testcase classname="tests.portfolio.test_portfolio_runner.TestDailyReset" name="test_daily_reset_called_on_new_day" time="0.004" /><testcase classname="tests.portfolio.test_portfolio_runner.TestLiveBlocked" name="test_live_mode_blocked" time="0.002" /><testcase classname="tests.portfolio.test_portfolio_runner.TestStrategyMapFromConfig" name="test_fallback_map_has_all_five_strategies" time="0.018" /><testcase classname="tests.portfolio.test_shadow.TestShadowNoExecution" name="test_track_writes_to_journal" time="0.003" /><testcase classname="tests.portfolio.test_shadow.TestShadowNoExecution" name="test_track_records_correct_fields" time="0.002" /><testcase classname="tests.portfolio.test_shadow.TestShadowNoExecution" name="test_track_never_returns_order" time="0.003" /><testcase classname="tests.portfolio.test_shadow.TestShadowNoExecution" name="test_summary_counts_by_strategy" time="0.002" /><testcase classname="tests.portfolio.test_shadow.TestShadowNoExecution" name="test_empty_journal_returns_empty" time="0.002" /><testcase classname="tests.portfolio.test_shadow.TestStrategyFailureIsolation" name="test_broken_strategy_isolated" time="0.001" /><testcase classname="tests.portfolio.test_shadow.TestStrategyFailureIsolation" name="test_signal_router_handles_valid_subset" time="0.001" /><testcase classname="tests.portfolio.test_signal_router.TestSignalExpiry" name="test_fresh_signal_passes" time="0.001" /><testcase classname="tests.portfolio.test_signal_router.TestSignalExpiry" name="test_expired_signal_rejected" time="0.001" /><testcase classname="tests.portfolio.test_signal_router.TestSignalExpiry" name="test_ttl_exactly_at_boundary" time="0.001" /><testcase classname="tests.portfolio.test_signal_router.TestConflictResolution" name="test_buy_and_sell_same_symbol_rejected" time="0.001" /><testcase classname="tests.portfolio.test_signal_router.TestConflictResolution" name="test_buy_only_passes" time="0.001" /><testcase classname="tests.portfolio.test_signal_router.TestConflictResolution" name="test_different_symbols_no_conflict" time="0.001" /><testcase classname="tests.portfolio.test_signal_router.TestDuplicateBlock" name="test_same_symbol_direction_keeps_highest_confidence" time="0.001" /><testcase classname="tests.portfolio.test_signal_router.TestDuplicateBlock" name="test_sorted_by_confidence_desc" time="0.003" /><testcase classname="tests.portfolio.test_signal_router.TestGeometryValidation" name="test_buy_sl_above_entry_rejected" time="0.001" /><testcase classname="tests.portfolio.test_signal_router.TestGeometryValidation" name="test_sell_sl_below_entry_rejected" time="0.001" /><testcase classname="tests.portfolio.test_signal_router.TestGeometryValidation" name="test_valid_sell_passes" time="0.001" /><testcase classname="tests.portfolio.test_vwap_mean_reversion.TestVWAPMeanReversionAdapter" name="test_long_signal_on_sweep_and_reclaim" time="0.001" /><testcase classname="tests.portfolio.test_vwap_mean_reversion.TestVWAPMeanReversionAdapter" name="test_short_signal_on_sweep_and_reclaim" time="0.001" /><testcase classname="tests.portfolio.test_vwap_mean_reversion.TestVWAPMeanReversionAdapter" name="test_tp_and_sl_are_valid_geometry" time="0.001" /><testcase classname="tests.portfolio.test_vwap_mean_reversion.TestVWAPMeanReversionAdapter" name="test_legacy_alias_still_works" time="0.001" /><testcase classname="tests.research_engine.test_data_layer" name="test_validate_candles_passes_on_clean_data" time="0.014" /><testcase classname="tests.research_engine.test_data_layer" name="test_validate_candles_flags_duplicates_and_bad_ohlc" time="0.012" /><testcase classname="tests.research_engine.test_data_layer" name="test_validate_candles_tolerates_sparse_forex_gaps" time="0.012" /><testcase classname="tests.research_engine.test_data_layer" name="test_parquet_round_trip" time="0.051" /><testcase classname="tests.research_engine.test_duckdb_analytics" name="test_duckdb_queries" time="0.195" /><testcase classname="tests.research_engine.test_feature_database" name="test_session_labels_cover_london_and_new_york" time="0.010" /><testcase classname="tests.research_engine.test_feature_database" name="test_detect_swings_marks_center_pivot" time="0.006" /><testcase classname="tests.research_engine.test_feature_database" name="test_structure_sweep_ob_and_fvg_annotations" time="0.025" /><testcase classname="tests.research_engine.test_feature_database" name="test_build_feature_database_writes_outputs" time="0.237" /><testcase classname="tests.research_engine.test_features" name="test_sessions_labeling" time="0.009" /><testcase classname="tests.research_engine.test_features" name="test_swings_detect_local_extrema" time="0.013" /><testcase classname="tests.research_engine.test_features" name="test_liquidity_sweep_detection" time="0.009" /><testcase classname="tests.research_engine.test_features" name="test_fvg_detection" time="0.011" /><testcase classname="tests.research_engine.test_features" name="test_structure_and_order_blocks" time="0.029" /><testcase classname="tests.research_engine.test_payload_builder_dispatch" name="test_get_backtest_script_sta2_returns_path" time="0.025" /><testcase classname="tests.research_engine.test_payload_builder_dispatch" name="test_get_backtest_script_sta2_path_resolves_to_scripts_dir" time="0.025" /><testcase classname="tests.research_engine.test_payload_builder_dispatch" name="test_get_backtest_script_unknown_strategy_returns_none" time="0.025" /><testcase classname="tests.research_engine.test_payload_builder_dispatch" name="test_get_backtest_script_london_breakout_returns_none" time="0.026" /><testcase classname="tests.research_engine.test_payload_builder_dispatch" name="test_get_backtest_script_ny_momentum_returns_none" time="0.025" /><testcase classname="tests.research_engine.test_payload_builder_dispatch" name="test_no_backtest_summary_any_pass_false" time="0.001" /><testcase classname="tests.research_engine.test_payload_builder_dispatch" name="test_no_backtest_summary_contains_required_keys" time="0.001" /><testcase classname="tests.research_engine.test_payload_builder_dispatch" name="test_no_backtest_summary_run_id_contains_strategy" time="0.001" /><testcase classname="tests.research_engine.test_payload_builder_dispatch" name="test_build_svos_payload_bundle_no_script_strategy" time="0.068" /><testcase classname="tests.research_engine.test_payload_builder_dispatch" name="test_build_svos_payload_bundle_sta2_calls_subprocess" time="0.053" /><testcase classname="tests.research_engine.test_pipeline" name="test_research_engine_builds_symbol" time="0.504" /><testcase classname="tests.research_engine.test_robustness" name="test_walk_forward_analysis_is_deterministic" time="0.002" /><testcase classname="tests.research_engine.test_robustness" name="test_monte_carlo_resampling_is_deterministic" time="0.009" /><testcase classname="tests.research_engine.test_robustness" name="test_parameter_sensitivity_prefers_best_rr" time="0.001" /><testcase classname="tests.research_engine.test_robustness" name="test_regime_analysis_groups_and_scores_by_regime" time="0.001" /><testcase classname="tests.research_engine.test_signals_and_simulator" name="test_signal_generator_produces_opportunity" time="0.087" /><testcase classname="tests.research_engine.test_signals_and_simulator" name="test_trade_simulator_executes_trades" time="0.098" /><testcase classname="tests.research_engine.test_signals_and_simulator" name="test_london_breakout_generator_produces_signal" time="0.022" /><testcase classname="tests.research_engine.test_signals_and_simulator" name="test_disabled_vwap_generator_returns_empty" time="0.007" /><testcase classname="tests.research_engine.test_signals_and_simulator" name="test_ny_momentum_generator_produces_signal" time="0.023" /><testcase classname="tests.research_engine.test_signals_and_simulator" name="test_disabled_ny_momentum_generator_returns_empty" time="0.005" /><testcase classname="tests.research_engine.test_signals_and_simulator" name="test_vwap_mean_reversion_generator_produces_signal" time="0.031" /><testcase classname="tests.research_engine.test_svos" name="test_audit_requires_complete_spec" time="0.013" /><testcase classname="tests.research_engine.test_svos" name="test_audit_detects_contradiction" time="0.002" /><testcase classname="tests.research_engine.test_svos" name="test_audit_flags_missing_data_dependencies" time="0.002" /><testcase classname="tests.research_engine.test_svos" name="test_audit_warns_on_many_fixed_parameters" time="0.001" /><testcase classname="tests.research_engine.test_svos" name="test_intake_creates_canonical_strategy_record" time="0.001" /><testcase classname="tests.research_engine.test_svos" name="test_runner_passes_all_stages_and_promotes" time="0.690" /><testcase classname="tests.research_engine.test_svos" name="test_runner_audit_stage_uses_canonical_strategy_validation_report" time="0.444" /><testcase classname="tests.research_engine.test_svos" name="test_runner_enhancement_stage_produces_structured_editor_plan" time="0.428" /><testcase classname="tests.research_engine.test_svos" name="test_runner_generates_enhancement_stage_for_failed_audit" time="0.641" /><testcase classname="tests.research_engine.test_svos" name="test_runner_can_stop_at_verification_ready" time="0.511" /><testcase classname="tests.research_engine.test_svos" name="test_runner_returns_fix_when_demo_metrics_missing" time="0.539" /><testcase classname="tests.research_engine.test_svos" name="test_runner_does_not_promote_to_live_without_explicit_allow" time="0.533" /><testcase classname="tests.research_engine.test_svos" name="test_runner_writes_immutable_six_stage_report_package" time="0.549" /><testcase classname="tests.research_engine.test_svos" name="test_canonical_reports_block_downstream_stages_after_missing_replay" time="0.487" /><testcase classname="tests.research_engine.test_svos" name="test_virtual_demo_drift_routes_back_to_backtest" time="0.527" /><testcase classname="tests.research_engine.test_svos" name="test_changed_spec_creates_patch_version_without_overwriting_reports" time="0.985" /><testcase classname="tests.research_engine.test_svos_payload_builder" name="test_build_svos_payload_bundle" time="0.061" /><testcase classname="tests.research_engine.test_svos_payload_builder" name="test_run_current_strategy_svos_auto_builds_payload" time="0.006" /><testcase classname="tests.research_engine.test_sweep" name="test_parameter_sweep_returns_summary" time="0.782" /><testcase classname="tests.session_liquidity.test_bias_filter.TestBullishStructure" name="test_hh_confirmed" time="0.003" /><testcase classname="tests.session_liquidity.test_bias_filter.TestBullishStructure" name="test_hl_confirmed" time="0.001" /><testcase classname="tests.session_liquidity.test_bias_filter.TestBullishStructure" name="test_returns_bullish" time="0.001" /><testcase classname="tests.session_liquidity.test_bias_filter.TestBearishStructure" name="test_lh_confirmed" time="0.001" /><testcase classname="tests.session_liquidity.test_bias_filter.TestBearishStructure" name="test_ll_confirmed" time="0.001" /><testcase classname="tests.session_liquidity.test_bias_filter.TestBearishStructure" name="test_returns_bearish" time="0.001" /><testcase classname="tests.session_liquidity.test_bias_filter.TestNeutralMixed" name="test_hh_and_ll_is_neutral" time="0.001" /><testcase classname="tests.session_liquidity.test_bias_filter.TestNeutralMixed" name="test_lh_and_hl_is_neutral" time="0.001" /><testcase classname="tests.session_liquidity.test_bias_filter.TestInsufficientSwings" name="test_empty_input_is_neutral" time="0.001" /><testcase classname="tests.session_liquidity.test_bias_filter.TestInsufficientSwings" name="test_only_one_swing_high" time="0.001" /><testcase classname="tests.session_liquidity.test_bias_filter.TestInsufficientSwings" name="test_only_one_swing_low" time="0.001" /><testcase classname="tests.session_liquidity.test_bias_filter.TestInsufficientSwings" name="test_too_few_bars_returns_neutral" time="0.001" /><testcase classname="tests.session_liquidity.test_bias_filter.TestEqualHighs" name="test_equal_internal_highs_dont_block_swing" time="0.001" /><testcase classname="tests.session_liquidity.test_bias_filter.TestEqualHighs" name="test_equal_swing_highs_is_neutral" time="0.001" /><testcase classname="tests.session_liquidity.test_bias_filter.TestEqualLows" name="test_equal_swing_lows_is_neutral" time="0.002" /><testcase classname="tests.session_liquidity.test_bias_filter.TestH4Cutoff" name="test_bar_excluded_when_close_time_exceeds_before_dt" time="0.003" /><testcase classname="tests.session_liquidity.test_bias_filter.TestH4Cutoff" name="test_bar_excluded_when_open_time_equals_before_dt" time="0.001" /><testcase classname="tests.session_liquidity.test_bias_filter.TestH4Cutoff" name="test_bar_included_when_close_time_equals_before_dt" time="0.001" /><testcase classname="tests.session_liquidity.test_bias_filter.TestH4Cutoff" name="test_earlier_bar_on_cutoff_boundary_included" time="0.001" /><testcase classname="tests.session_liquidity.test_bias_filter.TestH4Cutoff" name="test_open_time_cutoff_is_wrong" time="0.001" /><testcase classname="tests.session_liquidity.test_bias_filter.TestLookaheadPrevention" name="test_extra_future_bar_beyond_dataset" time="0.001" /><testcase classname="tests.session_liquidity.test_bias_filter.TestLookaheadPrevention" name="test_future_bar_excluded" time="0.001" /><testcase classname="tests.session_liquidity.test_bias_filter.TestDSTSafeTimestamps" name="test_before_dt_as_est_aware_datetime" time="0.001" /><testcase classname="tests.session_liquidity.test_bias_filter.TestDSTSafeTimestamps" name="test_fall_back_date_unchanged" time="0.001" /><testcase classname="tests.session_liquidity.test_bias_filter.TestDSTSafeTimestamps" name="test_spring_forward_date_unchanged" time="0.001" /><testcase classname="tests.session_liquidity.test_bias_filter.TestUnsortedInput" name="test_bearish_reversed" time="0.001" /><testcase classname="tests.session_liquidity.test_bias_filter.TestUnsortedInput" name="test_reversed_input_same_result" time="0.001" /><testcase classname="tests.session_liquidity.test_bias_filter.TestUnsortedInput" name="test_shuffled_input_same_result" time="0.001" /><testcase classname="tests.session_liquidity.test_displacement_detector.TestWilderATR" name="test_atr_decreases_with_small_tr" time="0.002" /><testcase classname="tests.session_liquidity.test_displacement_detector.TestWilderATR" name="test_atr_index_13_is_none" time="0.001" /><testcase classname="tests.session_liquidity.test_displacement_detector.TestWilderATR" name="test_atr_index_14_is_seed" time="0.001" /><testcase classname="tests.session_liquidity.test_displacement_detector.TestWilderATR" name="test_atr_seed_value_constant_tr" time="0.001" /><testcase classname="tests.session_liquidity.test_displacement_detector.TestWilderATR" name="test_constant_tr_gives_constant_atr" time="0.001" /><testcase classname="tests.session_liquidity.test_displacement_detector.TestWilderATR" name="test_empty_candles" time="0.001" /><testcase classname="tests.session_liquidity.test_displacement_detector.TestWilderATR" name="test_exactly_period_candles_all_none" time="0.001" /><testcase classname="tests.session_liquidity.test_displacement_detector.TestWilderATR" name="test_exactly_period_plus_one_candles_has_seed" time="0.001" /><testcase classname="tests.session_liquidity.test_displacement_detector.TestWilderATR" name="test_indices_0_to_13_all_none" time="0.001" /><testcase classname="tests.session_liquidity.test_displacement_detector.TestWilderATR" name="test_output_length_equals_input_length" time="0.001" /><testcase classname="tests.session_liquidity.test_displacement_detector.TestWilderATR" name="test_recursive_update_after_spike" time="0.001" /><testcase classname="tests.session_liquidity.test_displacement_detector.TestBullishDisplacement" name="test_atr_recorded" time="0.003" /><testcase classname="tests.session_liquidity.test_displacement_detector.TestBullishDisplacement" name="test_body_size_recorded" time="0.002" /><testcase classname="tests.session_liquidity.test_displacement_detector.TestBullishDisplacement" name="test_close_position_recorded" time="0.002" /><testcase classname="tests.session_liquidity.test_displacement_detector.TestBullishDisplacement" name="test_detected_true" time="0.003" /><testcase classname="tests.session_liquidity.test_displacement_detector.TestBullishDisplacement" name="test_reason_is_bullish_displacement" time="0.002" /><testcase classname="tests.session_liquidity.test_displacement_detector.TestBullishDisplacement" name="test_side_is_long" time="0.002" /><testcase classname="tests.session_liquidity.test_displacement_detector.TestBearishDisplacement" name="test_body_and_position" time="0.003" /><testcase classname="tests.session_liquidity.test_displacement_detector.TestBearishDisplacement" name="test_detected_true" time="0.003" /><testcase classname="tests.session_liquidity.test_displacement_detector.TestBearishDisplacement" name="test_reason_is_bearish_displacement" time="0.003" /><testcase classname="tests.session_liquidity.test_displacement_detector.TestBearishDisplacement" name="test_side_is_short" time="0.002" /><testcase classname="tests.session_liquidity.test_displacement_detector.TestBodyGate" name="test_body_and_close_position_none_when_body_fails" time="0.002" /><testcase classname="tests.session_liquidity.test_displacement_detector.TestBodyGate" name="test_body_exactly_at_threshold_rejected" time="0.002" /><testcase classname="tests.session_liquidity.test_displacement_detector.TestBodyGate" name="test_body_just_below_threshold_rejected" time="0.002" /><testcase classname="tests.session_liquidity.test_displacement_detector.TestBodyGate" name="test_body_one_subpip_above_threshold_accepted" time="0.002" /><testcase classname="tests.session_liquidity.test_displacement_detector.TestQuartileGate" name="test_bearish_body_ok_but_close_in_upper_half_rejected" time="0.002" /><testcase classname="tests.session_liquidity.test_displacement_detector.TestQuartileGate" name="test_bearish_close_exactly_at_25_pct_rejected" time="0.002" /><testcase classname="tests.session_liquidity.test_displacement_detector.TestQuartileGate" name="test_bearish_close_just_below_25_pct_detected" time="0.002" /><testcase classname="tests.session_liquidity.test_displacement_detector.TestQuartileGate" name="test_bullish_body_ok_but_close_in_lower_half_rejected" time="0.002" /><testcase classname="tests.session_liquidity.test_displacement_detector.TestQuartileGate" name="test_bullish_close_exactly_at_75_pct_rejected" time="0.002" /><testcase classname="tests.session_liquidity.test_displacement_detector.TestQuartileGate" name="test_bullish_close_just_above_75_pct_detected" time="0.002" /><testcase classname="tests.session_liquidity.test_displacement_detector.TestATRAvailability" name="test_negative_atr_returns_not_detected" time="0.002" /><testcase classname="tests.session_liquidity.test_displacement_detector.TestATRAvailability" name="test_none_atr_body_size_still_computed" time="0.003" /><testcase classname="tests.session_liquidity.test_displacement_detector.TestATRAvailability" name="test_none_atr_returns_not_detected" time="0.002" /><testcase classname="tests.session_liquidity.test_displacement_detector.TestATRAvailability" name="test_zero_atr_returns_not_detected" time="0.002" /><testcase classname="tests.session_liquidity.test_displacement_detector.TestMalformedCandle" name="test_empty_dict" time="0.003" /><testcase classname="tests.session_liquidity.test_displacement_detector.TestMalformedCandle" name="test_missing_close" time="0.004" /><testcase classname="tests.session_liquidity.test_displacement_detector.TestMalformedCandle" name="test_missing_open" time="0.002" /><testcase classname="tests.session_liquidity.test_displacement_detector.TestMalformedCandle" name="test_none_candle" time="0.002" /><testcase classname="tests.session_liquidity.test_displacement_detector.TestMalformedCandle" name="test_none_value" time="0.002" /><testcase classname="tests.session_liquidity.test_displacement_detector.TestMalformedCandle" name="test_string_value" time="0.003" /><testcase classname="tests.session_liquidity.test_displacement_detector.TestZeroRangeCandle" name="test_high_equals_low_body_still_zero" time="0.002" /><testcase classname="tests.session_liquidity.test_displacement_detector.TestZeroRangeCandle" name="test_high_equals_low_rejected" time="0.002" /><testcase classname="tests.session_liquidity.test_displacement_detector.TestUnknownDirection" name="test_unknown_direction_not_detected" time="0.002" /><testcase classname="tests.session_liquidity.test_displacement_detector.TestDisplacementResultDataclass" name="test_detected_result_all_fields_populated" time="0.001" /><testcase classname="tests.session_liquidity.test_displacement_detector.TestDisplacementResultDataclass" name="test_field_names" time="0.001" /><testcase classname="tests.session_liquidity.test_displacement_detector.TestDisplacementResultDataclass" name="test_not_detected_result_has_none_side" time="0.001" /><testcase classname="tests.session_liquidity.test_displacement_detector.TestIntegrationWithATR" name="test_bar_14_atr_available" time="0.001" /><testcase classname="tests.session_liquidity.test_displacement_detector.TestIntegrationWithATR" name="test_early_bars_atr_none_rejected" time="0.001" /><testcase classname="tests.session_liquidity.test_entry_engine.TestValidLongSignal" name="test_entry_is_close" time="0.002" /><testcase classname="tests.session_liquidity.test_entry_engine.TestValidLongSignal" name="test_returns_signal" time="0.001" /><testcase classname="tests.session_liquidity.test_entry_engine.TestValidLongSignal" name="test_risk_equals_entry_minus_sl" time="0.001" /><testcase classname="tests.session_liquidity.test_entry_engine.TestValidLongSignal" name="test_risk_positive" time="0.001" /><testcase classname="tests.session_liquidity.test_entry_engine.TestValidLongSignal" name="test_rr_stored" time="0.001" /><testcase classname="tests.session_liquidity.test_entry_engine.TestValidLongSignal" name="test_session_london" time="0.001" /><testcase classname="tests.session_liquidity.test_entry_engine.TestValidLongSignal" name="test_side_long" time="0.001" /><testcase classname="tests.session_liquidity.test_entry_engine.TestValidLongSignal" name="test_stop_loss_below_sweep" time="0.001" /><testcase classname="tests.session_liquidity.test_entry_engine.TestValidLongSignal" name="test_tp_above_entry" time="0.001" /><testcase classname="tests.session_liquidity.test_entry_engine.TestValidShortSignal" name="test_entry_is_close" time="0.001" /><testcase classname="tests.session_liquidity.test_entry_engine.TestValidShortSignal" name="test_returns_signal" time="0.001" /><testcase classname="tests.session_liquidity.test_entry_engine.TestValidShortSignal" name="test_risk_equals_sl_minus_entry" time="0.001" /><testcase classname="tests.session_liquidity.test_entry_engine.TestValidShortSignal" name="test_session_new_york" time="0.001" /><testcase classname="tests.session_liquidity.test_entry_engine.TestValidShortSignal" name="test_side_short" time="0.001" /><testcase classname="tests.session_liquidity.test_entry_engine.TestValidShortSignal" name="test_stop_loss_above_sweep" time="0.001" /><testcase classname="tests.session_liquidity.test_entry_engine.TestValidShortSignal" name="test_tp_below_entry" time="0.001" /><testcase classname="tests.session_liquidity.test_entry_engine.TestInvalidSweep" name="test_bias_mismatch_sweep_returns_none" time="0.001" /><testcase classname="tests.session_liquidity.test_entry_engine.TestInvalidSweep" name="test_none_sweep_returns_none" time="0.001" /><testcase classname="tests.session_liquidity.test_entry_engine.TestInvalidSweep" name="test_sweep_not_detected_returns_none" time="0.001" /><testcase classname="tests.session_liquidity.test_entry_engine.TestInvalidDisplacement" name="test_atr_unavailable_displacement_returns_none" time="0.001" /><testcase classname="tests.session_liquidity.test_entry_engine.TestInvalidDisplacement" name="test_displacement_not_detected_returns_none" time="0.001" /><testcase classname="tests.session_liquidity.test_entry_engine.TestInvalidDisplacement" name="test_none_displacement_returns_none" time="0.001" /><testcase classname="tests.session_liquidity.test_entry_engine.TestInvalidSession" name="test_asian_session_rejected" time="0.001" /><testcase classname="tests.session_liquidity.test_entry_engine.TestInvalidSession" name="test_empty_string_rejected" time="0.001" /><testcase classname="tests.session_liquidity.test_entry_engine.TestInvalidSession" name="test_london_accepted" time="0.001" /><testcase classname="tests.session_liquidity.test_entry_engine.TestInvalidSession" name="test_new_york_accepted" time="0.001" /><testcase classname="tests.session_liquidity.test_entry_engine.TestInvalidSession" name="test_none_session_rejected" time="0.001" /><testcase classname="tests.session_liquidity.test_entry_engine.TestInvalidSession" name="test_random_string_rejected" time="0.001" /><testcase classname="tests.session_liquidity.test_entry_engine.TestInvalidRR" name="test_rr_fractional_accepted" time="0.001" /><testcase classname="tests.session_liquidity.test_entry_engine.TestInvalidRR" name="test_rr_negative_rejected" time="0.001" /><testcase classname="tests.session_liquidity.test_entry_engine.TestInvalidRR" name="test_rr_zero_rejected" time="0.001" /><testcase classname="tests.session_liquidity.test_entry_engine.TestInvalidRisk" name="test_long_entry_below_sl_rejected" time="0.001" /><testcase classname="tests.session_liquidity.test_entry_engine.TestInvalidRisk" name="test_long_entry_exactly_at_sl_rejected" time="0.001" /><testcase classname="tests.session_liquidity.test_entry_engine.TestInvalidRisk" name="test_short_entry_above_sl_rejected" time="0.001" /><testcase classname="tests.session_liquidity.test_entry_engine.TestInvalidAsianRange" name="test_high_below_low_rejected" time="0.001" /><testcase classname="tests.session_liquidity.test_entry_engine.TestInvalidAsianRange" name="test_high_equals_low_rejected" time="0.001" /><testcase classname="tests.session_liquidity.test_entry_engine.TestInvalidAsianRange" name="test_none_asian_range_rejected" time="0.002" /><testcase classname="tests.session_liquidity.test_entry_engine.TestInvalidAsianRange" name="test_valid_asian_range_accepted" time="0.002" /><testcase classname="tests.session_liquidity.test_entry_engine.TestSLBuffer" name="test_long_sl_is_sweep_minus_buffer" time="0.002" /><testcase classname="tests.session_liquidity.test_entry_engine.TestSLBuffer" name="test_negative_buffer_rejected" time="0.001" /><testcase classname="tests.session_liquidity.test_entry_engine.TestSLBuffer" name="test_short_sl_is_sweep_plus_buffer" time="0.001" /><testcase classname="tests.session_liquidity.test_entry_engine.TestSLBuffer" name="test_zero_buffer_accepted" time="0.001" /><testcase classname="tests.session_liquidity.test_entry_engine.TestTPCalculation" name="test_long_tp_equals_entry_plus_risk_times_rr" time="0.001" /><testcase classname="tests.session_liquidity.test_entry_engine.TestTPCalculation" name="test_reward_pips_equals_risk_pips_times_rr" time="0.001" /><testcase classname="tests.session_liquidity.test_entry_engine.TestTPCalculation" name="test_rr2_tp" time="0.001" /><testcase classname="tests.session_liquidity.test_entry_engine.TestTPCalculation" name="test_rr5_tp" time="0.001" /><testcase classname="tests.session_liquidity.test_entry_engine.TestTPCalculation" name="test_short_tp_equals_entry_minus_risk_times_rr" time="0.001" /><testcase classname="tests.session_liquidity.test_entry_engine.TestSignalDataclass" name="test_all_required_fields_present" time="0.001" /><testcase classname="tests.session_liquidity.test_entry_engine.TestSignalDataclass" name="test_execution_contract_fields_populated" time="0.001" /><testcase classname="tests.session_liquidity.test_entry_engine.TestSignalDataclass" name="test_timestamp_is_utc_aware" time="0.001" /><testcase classname="tests.session_liquidity.test_entry_engine.TestTimestamp" name="test_no_time_key_still_returns_signal" time="0.001" /><testcase classname="tests.session_liquidity.test_entry_engine.TestTimestamp" name="test_timestamp_from_datetime_object" time="0.001" /><testcase classname="tests.session_liquidity.test_entry_engine.TestTimestamp" name="test_timestamp_parsed_from_iso_string" time="0.001" /><testcase classname="tests.session_liquidity.test_entry_engine.TestMalformedCandle" name="test_missing_close_returns_none" time="0.001" /><testcase classname="tests.session_liquidity.test_entry_engine.TestMalformedCandle" name="test_none_candle_returns_none" time="0.001" /><testcase classname="tests.session_liquidity.test_entry_engine.TestMalformedCandle" name="test_none_close_returns_none" time="0.001" /><testcase classname="tests.session_liquidity.test_entry_engine.TestMalformedCandle" name="test_string_close_returns_none" time="0.001" /><testcase classname="tests.session_liquidity.test_entry_engine.TestRiskDirection" name="test_long_risk_is_entry_minus_sl" time="0.001" /><testcase classname="tests.session_liquidity.test_entry_engine.TestRiskDirection" name="test_short_risk_is_sl_minus_entry" time="0.001" /><testcase classname="tests.session_liquidity.test_entry_engine.TestReasonString" name="test_long_reason_contains_long" time="0.001" /><testcase classname="tests.session_liquidity.test_entry_engine.TestReasonString" name="test_reason_contains_entry" time="0.001" /><testcase classname="tests.session_liquidity.test_entry_engine.TestReasonString" name="test_reason_contains_rr" time="0.001" /><testcase classname="tests.session_liquidity.test_entry_engine.TestReasonString" name="test_reason_contains_sweep_price" time="0.001" /><testcase classname="tests.session_liquidity.test_entry_engine.TestReasonString" name="test_short_reason_contains_short" time="0.001" /><testcase classname="tests.session_liquidity.test_session_builder.TestBuildAsianRange" name="test_basic_high" time="0.001" /><testcase classname="tests.session_liquidity.test_session_builder.TestBuildAsianRange" name="test_basic_low" time="0.001" /><testcase classname="tests.session_liquidity.test_session_builder.TestBuildAsianRange" name="test_dst_fall_back" time="0.001" /><testcase classname="tests.session_liquidity.test_session_builder.TestBuildAsianRange" name="test_dst_spring_forward" time="0.001" /><testcase classname="tests.session_liquidity.test_session_builder.TestBuildAsianRange" name="test_empty_candles_returns_none" time="0.001" /><testcase classname="tests.session_liquidity.test_session_builder.TestBuildAsianRange" name="test_exactly_four_bars_accepted" time="0.001" /><testcase classname="tests.session_liquidity.test_session_builder.TestBuildAsianRange" name="test_excludes_london_bar" time="0.001" /><testcase classname="tests.session_liquidity.test_session_builder.TestBuildAsianRange" name="test_excludes_pre_asian_bar" time="0.001" /><testcase classname="tests.session_liquidity.test_session_builder.TestBuildAsianRange" name="test_only_non_asian_candles_returns_none" time="0.001" /><testcase classname="tests.session_liquidity.test_session_builder.TestBuildAsianRange" name="test_range_pips" time="0.001" /><testcase classname="tests.session_liquidity.test_session_builder.TestBuildAsianRange" name="test_too_few_bars_returns_none" time="0.001" /><testcase classname="tests.session_liquidity.test_session_builder.TestBuildAsianRange" name="test_trade_date_stored" time="0.001" /><testcase classname="tests.session_liquidity.test_session_builder.TestClassifySession" name="test_accepts_datetime_object" time="0.001" /><testcase classname="tests.session_liquidity.test_session_builder.TestClassifySession" name="test_accepts_naive_datetime_assumed_utc" time="0.001" /><testcase classname="tests.session_liquidity.test_session_builder.TestClassifySession" name="test_asian_hour_is_none" time="0.001" /><testcase classname="tests.session_liquidity.test_session_builder.TestClassifySession" name="test_between_sessions_is_none" time="0.001" /><testcase classname="tests.session_liquidity.test_session_builder.TestClassifySession" name="test_between_sessions_summer" time="0.001" /><testcase classname="tests.session_liquidity.test_session_builder.TestClassifySession" name="test_london_close_excluded_summer" time="0.001" /><testcase classname="tests.session_liquidity.test_session_builder.TestClassifySession" name="test_london_close_excluded_winter" time="0.001" /><testcase classname="tests.session_liquidity.test_session_builder.TestClassifySession" name="test_london_last_bar_winter" time="0.001" /><testcase classname="tests.session_liquidity.test_session_builder.TestClassifySession" name="test_london_mid_winter" time="0.001" /><testcase classname="tests.session_liquidity.test_session_builder.TestClassifySession" name="test_london_open_summer" time="0.001" /><testcase classname="tests.session_liquidity.test_session_builder.TestClassifySession" name="test_london_open_winter" time="0.001" /><testcase classname="tests.session_liquidity.test_session_builder.TestClassifySession" name="test_midnight_utc_is_none" time="0.001" /><testcase classname="tests.session_liquidity.test_session_builder.TestClassifySession" name="test_ny_close_excluded_summer" time="0.001" /><testcase classname="tests.session_liquidity.test_session_builder.TestClassifySession" name="test_ny_close_excluded_winter" time="0.001" /><testcase classname="tests.session_liquidity.test_session_builder.TestClassifySession" name="test_ny_last_bar_winter" time="0.001" /><testcase classname="tests.session_liquidity.test_session_builder.TestClassifySession" name="test_ny_open_summer" time="0.001" /><testcase classname="tests.session_liquidity.test_session_builder.TestClassifySession" name="test_ny_open_winter" time="0.001" /><testcase classname="tests.session_liquidity.test_session_builder.TestV2SessionHelpers" name="test_active_sessions_overlap_window" time="0.001" /><testcase classname="tests.session_liquidity.test_session_builder.TestV2SessionHelpers" name="test_build_session_box" time="0.001" /><testcase classname="tests.session_liquidity.test_session_builder.TestV2SessionHelpers" name="test_build_session_box_requires_three_bars" time="0.001" /><testcase classname="tests.session_liquidity.test_session_builder.TestV2SessionHelpers" name="test_classify_session_v2_prioritises_overlap" time="0.001" /><testcase classname="tests.session_liquidity.test_session_strategy.TestEndToEndBullish" name="test_entry_is_displacement_close" time="0.002" /><testcase classname="tests.session_liquidity.test_session_strategy.TestEndToEndBullish" name="test_one_signal_generated" time="0.002" /><testcase classname="tests.session_liquidity.test_session_strategy.TestEndToEndBullish" name="test_risk_pips_positive" time="0.002" /><testcase classname="tests.session_liquidity.test_session_strategy.TestEndToEndBullish" name="test_rr_is_default" time="0.002" /><testcase classname="tests.session_liquidity.test_session_strategy.TestEndToEndBullish" name="test_session_london" time="0.002" /><testcase classname="tests.session_liquidity.test_session_strategy.TestEndToEndBullish" name="test_signal_is_long" time="0.002" /><testcase classname="tests.session_liquidity.test_session_strategy.TestEndToEndBullish" name="test_stop_loss_below_sweep_wick" time="0.002" /><testcase classname="tests.session_liquidity.test_session_strategy.TestEndToEndBullish" name="test_tp_above_entry" time="0.002" /><testcase classname="tests.session_liquidity.test_session_strategy.TestEndToEndBearish" name="test_entry_is_displacement_close" time="0.002" /><testcase classname="tests.session_liquidity.test_session_strategy.TestEndToEndBearish" name="test_one_signal_generated" time="0.002" /><testcase classname="tests.session_liquidity.test_session_strategy.TestEndToEndBearish" name="test_session_london" time="0.002" /><testcase classname="tests.session_liquidity.test_session_strategy.TestEndToEndBearish" name="test_signal_is_short" time="0.002" /><testcase classname="tests.session_liquidity.test_session_strategy.TestEndToEndBearish" name="test_stop_loss_above_sweep_wick" time="0.002" /><testcase classname="tests.session_liquidity.test_session_strategy.TestEndToEndBearish" name="test_tp_below_entry" time="0.002" /><testcase classname="tests.session_liquidity.test_session_strategy.TestNoAsianRange" name="test_empty_m15_returns_no_signals" time="0.001" /><testcase classname="tests.session_liquidity.test_session_strategy.TestNoAsianRange" name="test_fewer_than_4_asian_bars_returns_no_signals" time="0.001" /><testcase classname="tests.session_liquidity.test_session_strategy.TestNoAsianRange" name="test_no_asian_range_debug_event_recorded" time="0.001" /><testcase classname="tests.session_liquidity.test_session_strategy.TestNeutralBias" name="test_neutral_bias_debug_shows_no_trade_event" time="0.002" /><testcase classname="tests.session_liquidity.test_session_strategy.TestNeutralBias" name="test_neutral_bias_no_signals" time="0.002" /><testcase classname="tests.session_liquidity.test_session_strategy.TestSweepRejected" name="test_breach_but_close_outside_returns_no_signal" time="0.002" /><testcase classname="tests.session_liquidity.test_session_strategy.TestSweepRejected" name="test_no_breach_returns_no_signal" time="0.002" /><testcase classname="tests.session_liquidity.test_session_strategy.TestSweepRejected" name="test_sweep_rejected_event_in_debug" time="0.002" /><testcase classname="tests.session_liquidity.test_session_strategy.TestDisplacementRejected" name="test_all_displacement_bars_fail_times_out" time="0.004" /><testcase classname="tests.session_liquidity.test_session_strategy.TestDisplacementRejected" name="test_disp_reject_event_in_debug" time="0.002" /><testcase classname="tests.session_liquidity.test_session_strategy.TestDisplacementRejected" name="test_timeout_event_in_debug" time="0.002" /><testcase classname="tests.session_liquidity.test_session_strategy.TestNoKillzoneBars" name="test_empty_candles_no_signals" time="0.002" /><testcase classname="tests.session_liquidity.test_session_strategy.TestNoKillzoneBars" name="test_only_asian_bars_no_signals" time="0.002" /><testcase classname="tests.session_liquidity.test_session_strategy.TestMultipleDays" name="test_signals_on_different_dates" time="0.003" /><testcase classname="tests.session_liquidity.test_session_strategy.TestMultipleDays" name="test_two_days_two_signals" time="0.003" /><testcase classname="tests.session_liquidity.test_session_strategy.TestNoDuplicateSignals" name="test_london_and_ny_can_both_fire" time="0.002" /><testcase classname="tests.session_liquidity.test_session_strategy.TestNoDuplicateSignals" name="test_second_sweep_in_same_session_ignored" time="0.002" /><testcase classname="tests.session_liquidity.test_session_strategy.TestDebugOutput" name="test_asian_range_event_present" time="0.002" /><testcase classname="tests.session_liquidity.test_session_strategy.TestDebugOutput" name="test_debug_false_returns_list_not_tuple" time="0.002" /><testcase classname="tests.session_liquidity.test_session_strategy.TestDebugOutput" name="test_debug_first_element_is_signals" time="0.002" /><testcase classname="tests.session_liquidity.test_session_strategy.TestDebugOutput" name="test_debug_second_element_is_events_list" time="0.002" /><testcase classname="tests.session_liquidity.test_session_strategy.TestDebugOutput" name="test_debug_true_returns_tuple" time="0.002" /><testcase classname="tests.session_liquidity.test_session_strategy.TestDebugOutput" name="test_events_have_required_keys" time="0.002" /><testcase classname="tests.session_liquidity.test_session_strategy.TestDebugOutput" name="test_events_non_empty" time="0.002" /><testcase classname="tests.session_liquidity.test_session_strategy.TestDebugOutput" name="test_signal_event_contains_entry_price" time="0.002" /><testcase classname="tests.session_liquidity.test_session_strategy.TestDebugOutput" name="test_signal_event_present" time="0.002" /><testcase classname="tests.session_liquidity.test_session_strategy.TestDebugOutput" name="test_sweep_event_present" time="0.002" /><testcase classname="tests.session_liquidity.test_session_strategy.TestConfigOverrides" name="test_custom_rr_applied" time="0.002" /><testcase classname="tests.session_liquidity.test_session_strategy.TestConfigOverrides" name="test_min_range_too_high_skips_day" time="0.002" /><testcase classname="tests.session_liquidity.test_session_strategy.TestConfigOverrides" name="test_none_config_uses_defaults" time="0.002" /><testcase classname="tests.session_liquidity.test_session_strategy.TestMinSlPipsFilter" name="test_bearish_signal_also_filtered" time="0.003" /><testcase classname="tests.session_liquidity.test_session_strategy.TestMinSlPipsFilter" name="test_default_config_has_min_sl_pips" time="0.001" /><testcase classname="tests.session_liquidity.test_session_strategy.TestMinSlPipsFilter" name="test_exact_threshold_boundary_passes" time="0.003" /><testcase classname="tests.session_liquidity.test_session_strategy.TestMinSlPipsFilter" name="test_min_sl_rejection_fires_debug_event" time="0.002" /><testcase classname="tests.session_liquidity.test_session_strategy.TestMinSlPipsFilter" name="test_one_above_boundary_is_rejected" time="0.003" /><testcase classname="tests.session_liquidity.test_session_strategy.TestMinSlPipsFilter" name="test_signal_passes_when_risk_above_threshold" time="0.002" /><testcase classname="tests.session_liquidity.test_session_strategy.TestMinSlPipsFilter" name="test_signal_rejected_when_threshold_exceeds_risk" time="0.002" /><testcase classname="tests.session_liquidity.test_session_strategy.TestMinSlPipsFilter" name="test_zero_min_sl_pips_is_pass_through" time="0.004" /><testcase classname="tests.session_liquidity.test_session_strategy.TestV2SessionMode" name="test_overlap_session_signal_is_supported" time="0.003" /><testcase classname="tests.session_liquidity.test_sweep_detector.TestBullishSweepDetected" name="test_detected_is_true" time="0.002" /><testcase classname="tests.session_liquidity.test_sweep_detector.TestBullishSweepDetected" name="test_reason_is_bullish_sweep" time="0.001" /><testcase classname="tests.session_liquidity.test_sweep_detector.TestBullishSweepDetected" name="test_side_is_long" time="0.001" /><testcase classname="tests.session_liquidity.test_sweep_detector.TestBullishSweepDetected" name="test_sweep_price_is_candle_low" time="0.001" /><testcase classname="tests.session_liquidity.test_sweep_detector.TestBearishSweepDetected" name="test_detected_is_true" time="0.001" /><testcase classname="tests.session_liquidity.test_sweep_detector.TestBearishSweepDetected" name="test_reason_is_bearish_sweep" time="0.001" /><testcase classname="tests.session_liquidity.test_sweep_detector.TestBearishSweepDetected" name="test_side_is_short" time="0.001" /><testcase classname="tests.session_liquidity.test_sweep_detector.TestBearishSweepDetected" name="test_sweep_price_is_candle_high" time="0.001" /><testcase classname="tests.session_liquidity.test_sweep_detector.TestBullishCloseOutsideRange" name="test_close_below_asian_low_rejected" time="0.001" /><testcase classname="tests.session_liquidity.test_sweep_detector.TestBullishCloseOutsideRange" name="test_close_exactly_at_asian_low_rejected" time="0.001" /><testcase classname="tests.session_liquidity.test_sweep_detector.TestBullishCloseOutsideRange" name="test_wick_below_close_far_below" time="0.001" /><testcase classname="tests.session_liquidity.test_sweep_detector.TestBearishCloseOutsideRange" name="test_close_above_asian_high_rejected" time="0.001" /><testcase classname="tests.session_liquidity.test_sweep_detector.TestBearishCloseOutsideRange" name="test_close_exactly_at_asian_high_rejected" time="0.001" /><testcase classname="tests.session_liquidity.test_sweep_detector.TestBearishCloseOutsideRange" name="test_wick_above_close_far_above" time="0.001" /><testcase classname="tests.session_liquidity.test_sweep_detector.TestBullishBiasMismatch" name="test_bearish_sweep_close_inside_wrong_bias" time="0.001" /><testcase classname="tests.session_liquidity.test_sweep_detector.TestBullishBiasMismatch" name="test_bearish_sweep_in_bullish_bias" time="0.001" /><testcase classname="tests.session_liquidity.test_sweep_detector.TestBearishBiasMismatch" name="test_bullish_sweep_in_bearish_bias" time="0.001" /><testcase classname="tests.session_liquidity.test_sweep_detector.TestBearishBiasMismatch" name="test_neutral_bias_is_also_mismatch" time="0.001" /><testcase classname="tests.session_liquidity.test_sweep_detector.TestExactTouchLowRejected" name="test_low_exactly_equal_asian_low" time="0.001" /><testcase classname="tests.session_liquidity.test_sweep_detector.TestExactTouchLowRejected" name="test_low_one_pip_above_asian_low" time="0.001" /><testcase classname="tests.session_liquidity.test_sweep_detector.TestExactTouchHighRejected" name="test_candle_entirely_inside_range" time="0.001" /><testcase classname="tests.session_liquidity.test_sweep_detector.TestExactTouchHighRejected" name="test_high_exactly_equal_asian_high" time="0.001" /><testcase classname="tests.session_liquidity.test_sweep_detector.TestExactTouchHighRejected" name="test_high_one_pip_below_asian_high" time="0.001" /><testcase classname="tests.session_liquidity.test_sweep_detector.TestFloatingPointPrecision" name="test_bearish_breach_by_one_subpip" time="0.001" /><testcase classname="tests.session_liquidity.test_sweep_detector.TestFloatingPointPrecision" name="test_bullish_breach_by_one_subpip" time="0.001" /><testcase classname="tests.session_liquidity.test_sweep_detector.TestFloatingPointPrecision" name="test_close_above_asian_low_by_one_subpip_accepted" time="0.001" /><testcase classname="tests.session_liquidity.test_sweep_detector.TestFloatingPointPrecision" name="test_no_breach_by_one_subpip" time="0
[...]
est_research_logger.TestLogSignal" name="test_fired_true_stored" time="0.002" /><testcase classname="tests.test_research_logger.TestLogRejection" name="test_appends_multiple" time="0.003" /><testcase classname="tests.test_research_logger.TestLogRejection" name="test_creates_file" time="0.001" /><testcase classname="tests.test_research_logger.TestLogRejection" name="test_header_once" time="0.002" /><testcase classname="tests.test_research_logger.TestLogRejection" name="test_row_data" time="0.002" /><testcase classname="tests.test_research_logger.TestLogMarketCondition" name="test_creates_file" time="0.002" /><testcase classname="tests.test_research_logger.TestLogMarketCondition" name="test_row_data" time="0.002" /><testcase classname="tests.test_research_logger.TestLogStrategyVersion" name="test_creates_file" time="0.002" /><testcase classname="tests.test_research_logger.TestLogStrategyVersion" name="test_row_data" time="0.002" /><testcase classname="tests.test_research_logger.TestRunIdLinking" name="test_run_id_links_across_tables" time="0.003" /><testcase classname="tests.test_research_logger.TestRunIdLinking" name="test_two_runs_stay_separate" time="0.002" /><testcase classname="tests.test_research_logger.TestAppendRowEdgeCases" name="test_all_six_files_independent" time="0.003" /><testcase classname="tests.test_research_logger.TestAppendRowEdgeCases" name="test_creates_parent_directories" time="0.002" /><testcase classname="tests.test_research_logger.TestAppendRowEdgeCases" name="test_pre_existing_empty_file_gets_header" time="0.002" /><testcase classname="tests.test_research_logger.TestAppendRowEdgeCases" name="test_pre_existing_file_with_data_no_duplicate_header" time="0.002" /><testcase classname="tests.test_research_queue" name="test_load_research_queue_reads_jobs" time="0.007" /><testcase classname="tests.test_research_queue" name="test_run_research_job_dry_run_writes_report" time="0.035" /><testcase classname="tests.test_research_queue" name="test_run_research_queue_handles_missing_file" time="0.003" /><testcase classname="tests.test_research_queue" name="test_run_research_job_executes_validation_pipeline" time="0.349" /><testcase classname="tests.test_risk_manager.TestLotSizing" name="test_basic" time="0.003" /><testcase classname="tests.test_risk_manager.TestLotSizing" name="test_minimum_lot_enforced" time="0.003" /><testcase classname="tests.test_risk_manager.TestLotSizing" name="test_maximum_lot_enforced" time="0.002" /><testcase classname="tests.test_risk_manager.TestLotSizing" name="test_invalid_sl_raises" time="0.002" /><testcase classname="tests.test_risk_manager.TestLotSizing" name="test_rounding" time="0.002" /><testcase classname="tests.test_risk_manager.TestPositionGuards" name="test_can_open_when_empty" time="0.002" /><testcase classname="tests.test_risk_manager.TestPositionGuards" name="test_blocked_at_max_open_trades" time="0.002" /><testcase classname="tests.test_risk_manager.TestPositionGuards" name="test_blocked_at_max_pair_exposure" time="0.002" /><testcase classname="tests.test_risk_manager.TestPositionGuards" name="test_can_open_different_pair" time="0.002" /><testcase classname="tests.test_risk_manager.TestCircuitBreakers" name="test_clean_start" time="0.003" /><testcase classname="tests.test_risk_manager.TestCircuitBreakers" name="test_daily_loss_triggers_halt" time="0.009" /><testcase classname="tests.test_risk_manager.TestCircuitBreakers" name="test_consecutive_losses_triggers_halt" time="0.012" /><testcase classname="tests.test_risk_manager.TestCircuitBreakers" name="test_win_resets_consecutive_counter" time="0.010" /><testcase classname="tests.test_risk_manager.TestCircuitBreakers" name="test_daily_reset_clears_daily_halt" time="0.010" /><testcase classname="tests.test_risk_manager.TestCircuitBreakers" name="test_state_persists_across_instances" time="0.005" /><testcase classname="tests.test_run_experiments.TestApplyFilter" name="test_all_pass" time="0.001" /><testcase classname="tests.test_run_experiments.TestApplyFilter" name="test_all_filtered" time="0.001" /><testcase classname="tests.test_run_experiments.TestApplyFilter" name="test_partial_filter" time="0.001" /><testcase classname="tests.test_run_experiments.TestApplyFilter" name="test_empty_input" time="0.001" /><testcase classname="tests.test_run_experiments.TestApplyFilter" name="test_session_filter_ny_only" time="0.001" /><testcase classname="tests.test_run_experiments.TestApplyFilter" name="test_exclude_gbpusd_london" time="0.001" /><testcase classname="tests.test_run_experiments.TestApplyFilter" name="test_asian_range_filter" time="0.001" /><testcase classname="tests.test_run_experiments.TestApplyFilter" name="test_filter_preserves_order" time="0.001" /><testcase classname="tests.test_run_experiments.TestComputeMetrics" name="test_empty_returns_zeros" time="0.001" /><testcase classname="tests.test_run_experiments.TestComputeMetrics" name="test_all_wins" time="0.001" /><testcase classname="tests.test_run_experiments.TestComputeMetrics" name="test_all_losses" time="0.001" /><testcase classname="tests.test_run_experiments.TestComputeMetrics" name="test_mixed_pf_calc" time="0.001" /><testcase classname="tests.test_run_experiments.TestComputeMetrics" name="test_win_rate_correct" time="0.001" /><testcase classname="tests.test_run_experiments.TestComputeMetrics" name="test_avg_duration" time="0.001" /><testcase classname="tests.test_run_experiments.TestComputeMetrics" name="test_max_dd_calculated" time="0.001" /><testcase classname="tests.test_run_experiments.TestComputeMetrics" name="test_gross_pf_before_spread" time="0.001" /><testcase classname="tests.test_run_experiments.TestComputeMetrics" name="test_2x_pf_worse_than_std" time="0.001" /><testcase classname="tests.test_run_experiments.TestComputeMetrics" name="test_n_count" time="0.001" /><testcase classname="tests.test_run_experiments.TestGateCheck" name="test_all_pass" time="0.001" /><testcase classname="tests.test_run_experiments.TestGateCheck" name="test_fail_n_too_low" time="0.001" /><testcase classname="tests.test_run_experiments.TestGateCheck" name="test_fail_pf_std_at_boundary" time="0.001" /><testcase classname="tests.test_run_experiments.TestGateCheck" name="test_fail_pf_2x_at_boundary" time="0.001" /><testcase classname="tests.test_run_experiments.TestGateCheck" name="test_fail_pf_std_below" time="0.001" /><testcase classname="tests.test_run_experiments.TestGateCheck" name="test_fail_pf_2x_below" time="0.001" /><testcase classname="tests.test_run_experiments.TestGateCheck" name="test_exact_100_trades_passes" time="0.002" /><testcase classname="tests.test_run_experiments.TestGateCheck" name="test_strictly_greater_pf_required" time="0.002" /><testcase classname="tests.test_run_experiments.TestRunAllExperiments" name="test_returns_correct_count" time="0.003" /><testcase classname="tests.test_run_experiments.TestRunAllExperiments" name="test_result_has_required_fields" time="0.003" /><testcase classname="tests.test_run_experiments.TestRunAllExperiments" name="test_exp01_removes_narrow_sl" time="0.003" /><testcase classname="tests.test_run_experiments.TestRunAllExperiments" name="test_exp03_ny_only" time="0.004" /><testcase classname="tests.test_run_experiments.TestRunAllExperiments" name="test_exp04_excludes_gbp_london" time="0.003" /><testcase classname="tests.test_run_experiments.TestRunAllExperiments" name="test_all_rr_variants_represented" time="0.003" /><testcase classname="tests.test_run_experiments.TestRunAllExperiments" name="test_exp_ids_present" time="0.003" /><testcase classname="tests.test_run_experiments.TestRunAllExperiments" name="test_gate_false_on_tiny_n" time="0.001" /><testcase classname="tests.test_session_filter.TestGetActiveSession" name="test_london_open" time="0.001" /><testcase classname="tests.test_session_filter.TestGetActiveSession" name="test_london_boundary_start" time="0.001" /><testcase classname="tests.test_session_filter.TestGetActiveSession" name="test_london_boundary_end_exclusive" time="0.001" /><testcase classname="tests.test_session_filter.TestGetActiveSession" name="test_newyork_open" time="0.001" /><testcase classname="tests.test_session_filter.TestGetActiveSession" name="test_newyork_boundary_start" time="0.001" /><testcase classname="tests.test_session_filter.TestGetActiveSession" name="test_newyork_boundary_end_exclusive" time="0.001" /><testcase classname="tests.test_session_filter.TestGetActiveSession" name="test_off_hours_morning" time="0.001" /><testcase classname="tests.test_session_filter.TestGetActiveSession" name="test_off_hours_midday" time="0.001" /><testcase classname="tests.test_session_filter.TestGetActiveSession" name="test_off_hours_evening" time="0.001" /><testcase classname="tests.test_session_filter.TestGetActiveSession" name="test_saturday_blocked" time="0.001" /><testcase classname="tests.test_session_filter.TestGetActiveSession" name="test_sunday_blocked" time="0.001" /><testcase classname="tests.test_session_filter.TestGetActiveSession" name="test_friday_allowed" time="0.001" /><testcase classname="tests.test_session_filter.TestIsTradingAllowed" name="test_true_in_session" time="0.001" /><testcase classname="tests.test_session_filter.TestIsTradingAllowed" name="test_false_off_hours" time="0.001" /><testcase classname="tests.test_session_filter.TestIsTradingAllowed" name="test_false_weekend" time="0.001" /><testcase classname="tests.test_session_filter.TestSecondsToNextSession" name="test_in_session_returns_zero" time="0.001" /><testcase classname="tests.test_session_filter.TestSecondsToNextSession" name="test_before_london_returns_positive" time="0.001" /><testcase classname="tests.test_session_filter.TestSecondsToNextSession" name="test_between_sessions" time="0.001" /><testcase classname="tests.test_session_filter.TestSecondsToNextSession" name="test_friday_after_ny_waits_until_monday_london" time="0.001" /><testcase classname="tests.test_spread_revalidation_ops" name="test_spread_status_counts_session_days" time="0.003" /><testcase classname="tests.test_spread_revalidation_ops" name="test_phase2_gate_failure_and_pass" time="0.104" /><testcase classname="tests.test_spread_revalidation_ops" name="test_build_cost_model_and_export_updates_costs" time="0.005" /><testcase classname="tests.test_st_a2_trade_autopsy" name="test_bos_quality_and_primary_cause_rules" time="0.001" /><testcase classname="tests.test_st_a2_trade_autopsy" name="test_fvg_context_and_context_building" time="0.003" /><testcase classname="tests.test_strategy_change_pipeline" name="test_strategy_change_pipeline_step_order" time="0.020" /><testcase classname="tests.test_strategy_change_pipeline" name="test_strategy_change_pipeline_blocks_live_stage" time="0.080" /><testcase classname="tests.test_structure_detector.TestATR" name="test_too_short_all_nan" time="0.001" /><testcase classname="tests.test_structure_detector.TestATR" name="test_period_14_first_valid_at_index_14" time="0.001" /><testcase classname="tests.test_structure_detector.TestATR" name="test_all_same_range_converges" time="0.001" /><testcase classname="tests.test_structure_detector.TestATR" name="test_wilder_smoothing_direction" time="0.002" /><testcase classname="tests.test_structure_detector.TestATR" name="test_returns_same_length" time="0.001" /><testcase classname="tests.test_structure_detector.TestHTFBias" name="test_both_bullish_returns_bullish" time="0.001" /><testcase classname="tests.test_structure_detector.TestHTFBias" name="test_both_bearish_returns_bearish" time="0.001" /><testcase classname="tests.test_structure_detector.TestHTFBias" name="test_4h_bullish_1h_neutral_returns_bullish" time="0.001" /><testcase classname="tests.test_structure_detector.TestHTFBias" name="test_4h_bullish_1h_bearish_returns_neutral" time="0.001" /><testcase classname="tests.test_structure_detector.TestHTFBias" name="test_4h_bearish_1h_bullish_returns_neutral" time="0.001" /><testcase classname="tests.test_structure_detector.TestHTFBias" name="test_4h_neutral_returns_neutral" time="0.002" /><testcase classname="tests.test_structure_detector.TestDetectCHoCH" name="test_bullish_choch_fires_after_sweep" time="0.003" /><testcase classname="tests.test_structure_detector.TestDetectCHoCH" name="test_bullish_choch_not_before_sweep" time="0.002" /><testcase classname="tests.test_structure_detector.TestDetectCHoCH" name="test_bearish_choch_fires" time="0.001" /><testcase classname="tests.test_structure_detector.TestDetectCHoCH" name="test_returns_none_when_no_choch" time="0.001" /><testcase classname="tests.test_structure_detector.TestDetectCHoCH" name="test_empty_window_returns_none" time="0.001" /><testcase classname="tests.test_structure_detector.TestDetectBOS" name="test_bullish_bos_fires" time="0.001" /><testcase classname="tests.test_structure_detector.TestDetectBOS" name="test_bearish_bos_fires" time="0.001" /><testcase classname="tests.test_structure_detector.TestDetectBOS" name="test_none_when_swing_level_none" time="0.001" /><testcase classname="tests.test_structure_detector.TestDetectBOS" name="test_none_when_level_never_broken" time="0.001" /><testcase classname="tests.test_structure_detector.TestDetectDisplacement" name="test_bullish_displacement_found" time="0.001" /><testcase classname="tests.test_structure_detector.TestDetectDisplacement" name="test_small_candle_not_displacement" time="0.001" /><testcase classname="tests.test_structure_detector.TestDetectDisplacement" name="test_wrong_direction_body_skipped" time="0.001" /><testcase classname="tests.test_structure_detector.TestDetectDisplacement" name="test_bearish_displacement_found" time="0.001" /><testcase classname="tests.test_structure_detector.TestDetectDisplacement" name="test_nan_atr_skipped" time="0.001" /><testcase classname="tests.test_svos_sample" name="test_isolated_sample_runs_and_verifies_all_six_reports" time="0.594" /><testcase classname="tests.test_svos_sample" name="test_sample_virtual_demo_report_contains_execution_evidence" time="0.604" /><testcase classname="tests.test_swing_detector.TestSwingHighs" name="test_too_few_candles_returns_empty" time="0.001" /><testcase classname="tests.test_swing_detector.TestSwingHighs" name="test_single_peak_n1" time="0.001" /><testcase classname="tests.test_swing_detector.TestSwingHighs" name="test_single_peak_n3" time="0.001" /><testcase classname="tests.test_swing_detector.TestSwingHighs" name="test_equal_highs_not_swing" time="0.001" /><testcase classname="tests.test_swing_detector.TestSwingHighs" name="test_multiple_peaks" time="0.001" /><testcase classname="tests.test_swing_detector.TestSwingHighs" name="test_last_n_bars_unconfirmed" time="0.001" /><testcase classname="tests.test_swing_detector.TestSwingHighs" name="test_no_peak" time="0.001" /><testcase classname="tests.test_swing_detector.TestSwingHighs" name="test_descending_no_swing" time="0.001" /><testcase classname="tests.test_swing_detector.TestSwingLows" name="test_single_trough_n1" time="0.001" /><testcase classname="tests.test_swing_detector.TestSwingLows" name="test_single_trough_n3" time="0.001" /><testcase classname="tests.test_swing_detector.TestSwingLows" name="test_equal_lows_not_swing" time="0.001" /><testcase classname="tests.test_swing_detector.TestSwingLows" name="test_last_n_unconfirmed" time="0.001" /><testcase classname="tests.test_swing_detector.TestLastSwing" name="test_last_swing_high_no_limit" time="0.001" /><testcase classname="tests.test_swing_detector.TestLastSwing" name="test_last_swing_high_before_idx" time="0.001" /><testcase classname="tests.test_swing_detector.TestLastSwing" name="test_last_swing_high_too_short" time="0.001" /><testcase classname="tests.test_swing_detector.TestLastSwing" name="test_last_swing_low_no_limit" time="0.001" /><testcase classname="tests.test_swing_detector.TestClassifyStructure" name="test_bullish_structure" time="0.001" /><testcase classname="tests.test_swing_detector.TestClassifyStructure" name="test_bearish_structure" time="0.001" /><testcase classname="tests.test_swing_detector.TestClassifyStructure" name="test_neutral_too_few_swings" time="0.001" /><testcase classname="tests.test_swing_detector.TestClassifyStructure" name="test_neutral_mixed" time="0.001" /><testcase classname="tests.test_swing_detector.TestClassifyStructure" name="test_before_idx_cuts_off" time="0.001" /><testcase classname="tests.test_telegram_alerter" name="test_trade_close_escapes_markdown_fields" time="0.003" /><testcase classname="tests.test_telegram_alerter" name="test_long_messages_are_clipped_to_telegram_limit" time="0.002" /><testcase classname="tests.test_telegram_alerter" name="test_send_error_suppresses_same_error_family_with_different_details" time="0.003" /><testcase classname="tests.test_telegram_alerter" name="test_reconnect_helpers_use_category_suppression" time="0.002" /><testcase classname="tests.test_telegram_alerter" name="test_heartbeat_helper_uses_stable_suppression_key" time="0.003" /><testcase classname="tests.test_telegram_alerter" name="test_watchdog_helper_uses_dedicated_category" time="0.002" /><testcase classname="tests.test_trade_logger.TestFileCreation" name="test_creates_parent_directory" time="0.003" /><testcase classname="tests.test_trade_logger.TestFileCreation" name="test_appends_not_overwrites" time="0.003" /><testcase classname="tests.test_trade_logger.TestFileCreation" name="test_read_all_empty_when_no_file" time="0.002" /><testcase classname="tests.test_trade_logger.TestFileCreation" name="test_read_all_returns_list_of_dicts" time="0.003" /><testcase classname="tests.test_trade_logger.TestEventTypes" name="test_signal_created" time="0.003" /><testcase classname="tests.test_trade_logger.TestEventTypes" name="test_order_submitted" time="0.003" /><testcase classname="tests.test_trade_logger.TestEventTypes" name="test_order_filled" time="0.003" /><testcase classname="tests.test_trade_logger.TestEventTypes" name="test_order_rejected" time="0.002" /><testcase classname="tests.test_trade_logger.TestEventTypes" name="test_position_closed" time="0.003" /><testcase classname="tests.test_trade_logger.TestEventTypes" name="test_error" time="0.003" /><testcase classname="tests.test_trade_logger.TestRecordFormat" name="test_ts_field_is_iso_format" time="0.003" /><testcase classname="tests.test_trade_logger.TestRecordFormat" name="test_each_line_is_valid_json" time="0.005" /><testcase classname="tests.test_trade_logger.TestRecordFormat" name="test_event_field_in_every_record" time="0.004" /><testcase classname="tests.test_trade_logger.TestValidation" name="test_unknown_event_raises" time="0.004" /><testcase classname="tests.test_trade_logger.TestValidation" name="test_multiple_events_ordered" time="0.004" /><testcase classname="tests.test_validate_dataset" name="test_compute_month_coverage_detects_missing_months" time="0.001" /><testcase classname="tests.test_validate_dataset" name="test_validate_raw_and_partitioned_market_reports_coverage" time="0.040" /><testcase classname="tests.test_validate_dataset" name="test_summarize_acquisition_reads_month_sidecars" time="0.003" /><testcase classname="tests.test_validation_gate" name="test_replay_validation_success" time="0.007" /><testcase classname="tests.test_validation_gate" name="test_replay_validation_failure_duplicate_trade_id" time="0.006" /><testcase classname="tests.test_validation_gate" name="test_backtest_validation_success" time="0.007" /><testcase classname="tests.test_validation_gate" name="test_backtest_validation_failure_low_pf" time="0.007" /><testcase classname="tests.test_validation_gate" name="test_regression_detection_warning_and_fail" time="0.001" /><testcase classname="tests.test_validation_gate" name="test_validation_reports_do_not_mutate_lifecycle" time="0.015" /><testcase classname="tests.test_validation_gate" name="test_validation_runner_can_skip_promotion" time="0.015" /><testcase classname="tests.test_validation_gate" name="test_config_loading" time="0.008" /></testsuite></testsuites>